{ level: 'info',
  message: 'Attempting to stop runner with task id: 1',
  label: 'TaskManager',
  timestamp: '2018-11-15T03:10:43.911Z',
  [Symbol(level)]: 'info',
  [Symbol(splat)]: [ 1 ],
  [Symbol(message)]: '{"level":"info","message":"Attempting to stop runner with task id: 1","label":"TaskManager","timestamp":"2018-11-15T03:10:43.911Z"}' }
{ message: 'This task was not previously running or has already been stopped! Skipping stop',
  level: 'warn',
  label: 'TaskManager',
  timestamp: '2018-11-15T03:10:43.917Z',
  [Symbol(level)]: 'warn',
  [Symbol(message)]: '{"message":"This task was not previously running or has already been stopped! Skipping stop","level":"warn","label":"TaskManager","timestamp":"2018-11-15T03:10:43.917Z"}' }
{ level: 'info',
  message: 'Attempting to stop runner with task id: 1',
  label: 'TaskManager',
  timestamp: '2018-11-15T03:10:57.778Z',
  [Symbol(level)]: 'info',
  [Symbol(splat)]: [ 1 ],
  [Symbol(message)]: '{"level":"info","message":"Attempting to stop runner with task id: 1","label":"TaskManager","timestamp":"2018-11-15T03:10:57.778Z"}' }
{ message: 'This task was not previously running or has already been stopped! Skipping stop',
  level: 'warn',
  label: 'TaskManager',
  timestamp: '2018-11-15T03:10:57.779Z',
  [Symbol(level)]: 'warn',
  [Symbol(message)]: '{"message":"This task was not previously running or has already been stopped! Skipping stop","level":"warn","label":"TaskManager","timestamp":"2018-11-15T03:10:57.779Z"}' }
{ level: 'info',
  message: 'Starting task 1',
  label: 'TaskManager',
  timestamp: '2018-11-15T03:10:59.563Z',
  [Symbol(level)]: 'info',
  [Symbol(splat)]: [ 1 ],
  [Symbol(message)]: '{"level":"info","message":"Starting task 1","label":"TaskManager","timestamp":"2018-11-15T03:10:59.563Z"}' }
{ level: 'info',
  message: 'Creating new runner b4de3721-08a0-4d83-a24a-562eedf349c6 for task $s',
  label: 'TaskManager',
  timestamp: '2018-11-15T03:10:59.564Z',
  meta: 1,
  [Symbol(level)]: 'info',
  [Symbol(splat)]: [ 'b4de3721-08a0-4d83-a24a-562eedf349c6' ],
  [Symbol(message)]: '{"level":"info","message":"Creating new runner b4de3721-08a0-4d83-a24a-562eedf349c6 for task $s","label":"TaskManager","timestamp":"2018-11-15T03:10:59.564Z","meta":1}' }
{ level: 'verbose',
  message: 'Reserving proxy for runner b4de3721-08a0-4d83-a24a-562eedf349c6 ...',
  label: 'TaskManager',
  timestamp: '2018-11-15T03:10:59.564Z',
  [Symbol(level)]: 'verbose',
  [Symbol(splat)]: [ 'b4de3721-08a0-4d83-a24a-562eedf349c6' ],
  [Symbol(message)]: '{"level":"verbose","message":"Reserving proxy for runner b4de3721-08a0-4d83-a24a-562eedf349c6 ...","label":"TaskManager","timestamp":"2018-11-15T03:10:59.564Z"}' }
{ message: 'Not waiting for open proxy, returning null',
  level: 'verbose',
  label: 'TaskManager',
  timestamp: '2018-11-15T03:10:59.565Z',
  [Symbol(level)]: 'verbose',
  [Symbol(message)]: '{"message":"Not waiting for open proxy, returning null","level":"verbose","label":"TaskManager","timestamp":"2018-11-15T03:10:59.565Z"}' }
{ message: 'Registering for TaskRunner Events ...',
  level: 'verbose',
  label: 'TaskManager',
  timestamp: '2018-11-15T03:10:59.883Z',
  [Symbol(level)]: 'verbose',
  [Symbol(message)]: '{"message":"Registering for TaskRunner Events ...","level":"verbose","label":"TaskManager","timestamp":"2018-11-15T03:10:59.883Z"}' }
{ message: 'Starting Runner ...',
  level: 'verbose',
  label: 'TaskManager',
  timestamp: '2018-11-15T03:10:59.884Z',
  [Symbol(level)]: 'verbose',
  [Symbol(message)]: '{"message":"Starting Runner ...","level":"verbose","label":"TaskManager","timestamp":"2018-11-15T03:10:59.884Z"}' }
{ level: 'info',
  message: 'Runner b4de3721-08a0-4d83-a24a-562eedf349c6 posted new event TASK_STATUS - Starting task...',
  label: 'TaskManager',
  timestamp: '2018-11-15T03:10:59.885Z',
  [Symbol(level)]: 'info',
  [Symbol(splat)]: 
   [ 'b4de3721-08a0-4d83-a24a-562eedf349c6',
     'TASK_STATUS',
     'Starting task...' ],
  [Symbol(message)]: '{"level":"info","message":"Runner b4de3721-08a0-4d83-a24a-562eedf349c6 posted new event TASK_STATUS - Starting task...","label":"TaskManager","timestamp":"2018-11-15T03:10:59.885Z"}' }
{ message: 'Reemitting this status update...',
  level: 'info',
  label: 'TaskManager',
  timestamp: '2018-11-15T03:10:59.885Z',
  [Symbol(level)]: 'info',
  [Symbol(message)]: '{"message":"Reemitting this status update...","level":"info","label":"TaskManager","timestamp":"2018-11-15T03:10:59.885Z"}' }
{ level: 'info',
  message: 'Runner b4de3721-08a0-4d83-a24a-562eedf349c6 posted new event TASK_STATUS - Errors during Checkout! Retrying Monitor...',
  label: 'TaskManager',
  timestamp: '2018-11-15T03:11:05.655Z',
  [Symbol(level)]: 'info',
  [Symbol(splat)]: 
   [ 'b4de3721-08a0-4d83-a24a-562eedf349c6',
     'TASK_STATUS',
     'Errors during Checkout! Retrying Monitor...' ],
  [Symbol(message)]: '{"level":"info","message":"Runner b4de3721-08a0-4d83-a24a-562eedf349c6 posted new event TASK_STATUS - Errors during Checkout! Retrying Monitor...","label":"TaskManager","timestamp":"2018-11-15T03:11:05.655Z"}' }
{ message: 'Reemitting this status update...',
  level: 'info',
  label: 'TaskManager',
  timestamp: '2018-11-15T03:11:05.655Z',
  [Symbol(level)]: 'info',
  [Symbol(message)]: '{"message":"Reemitting this status update...","level":"info","label":"TaskManager","timestamp":"2018-11-15T03:11:05.655Z"}' }
{ level: 'info',
  message: 'Runner b4de3721-08a0-4d83-a24a-562eedf349c6 posted new event TASK_STATUS - Errors during Checkout! Retrying Monitor...',
  label: 'TaskManager',
  timestamp: '2018-11-15T03:11:11.289Z',
  [Symbol(level)]: 'info',
  [Symbol(splat)]: 
   [ 'b4de3721-08a0-4d83-a24a-562eedf349c6',
     'TASK_STATUS',
     'Errors during Checkout! Retrying Monitor...' ],
  [Symbol(message)]: '{"level":"info","message":"Runner b4de3721-08a0-4d83-a24a-562eedf349c6 posted new event TASK_STATUS - Errors during Checkout! Retrying Monitor...","label":"TaskManager","timestamp":"2018-11-15T03:11:11.289Z"}' }
{ message: 'Reemitting this status update...',
  level: 'info',
  label: 'TaskManager',
  timestamp: '2018-11-15T03:11:11.289Z',
  [Symbol(level)]: 'info',
  [Symbol(message)]: '{"message":"Reemitting this status update...","level":"info","label":"TaskManager","timestamp":"2018-11-15T03:11:11.289Z"}' }
{ level: 'info',
  message: 'Attempting to stop runner with task id: 1',
  label: 'TaskManager',
  timestamp: '2018-11-15T03:11:13.689Z',
  [Symbol(level)]: 'info',
  [Symbol(splat)]: [ 1 ],
  [Symbol(message)]: '{"level":"info","message":"Attempting to stop runner with task id: 1","label":"TaskManager","timestamp":"2018-11-15T03:11:13.689Z"}' }
{ message: 'Stop signal sent',
  level: 'verbose',
  label: 'TaskManager',
  timestamp: '2018-11-15T03:11:13.690Z',
  [Symbol(level)]: 'verbose',
  [Symbol(message)]: '{"message":"Stop signal sent","level":"verbose","label":"TaskManager","timestamp":"2018-11-15T03:11:13.690Z"}' }
{ level: 'info',
  message: 'Runner b4de3721-08a0-4d83-a24a-562eedf349c6 posted new event TASK_STATUS - Errors during Checkout! Retrying Monitor...',
  label: 'TaskManager',
  timestamp: '2018-11-15T03:11:15.590Z',
  [Symbol(level)]: 'info',
  [Symbol(splat)]: 
   [ 'b4de3721-08a0-4d83-a24a-562eedf349c6',
     'TASK_STATUS',
     'Errors during Checkout! Retrying Monitor...' ],
  [Symbol(message)]: '{"level":"info","message":"Runner b4de3721-08a0-4d83-a24a-562eedf349c6 posted new event TASK_STATUS - Errors during Checkout! Retrying Monitor...","label":"TaskManager","timestamp":"2018-11-15T03:11:15.590Z"}' }
{ message: 'Reemitting this status update...',
  level: 'info',
  label: 'TaskManager',
  timestamp: '2018-11-15T03:11:15.590Z',
  [Symbol(level)]: 'info',
  [Symbol(message)]: '{"message":"Reemitting this status update...","level":"info","label":"TaskManager","timestamp":"2018-11-15T03:11:15.590Z"}' }
{ level: 'info',
  message: 'Runner b4de3721-08a0-4d83-a24a-562eedf349c6 posted new event TASK_STATUS - Task has aborted!',
  label: 'TaskManager',
  timestamp: '2018-11-15T03:11:17.104Z',
  [Symbol(level)]: 'info',
  [Symbol(splat)]: 
   [ 'b4de3721-08a0-4d83-a24a-562eedf349c6',
     'TASK_STATUS',
     'Task has aborted!' ],
  [Symbol(message)]: '{"level":"info","message":"Runner b4de3721-08a0-4d83-a24a-562eedf349c6 posted new event TASK_STATUS - Task has aborted!","label":"TaskManager","timestamp":"2018-11-15T03:11:17.104Z"}' }
{ message: 'Reemitting this status update...',
  level: 'info',
  label: 'TaskManager',
  timestamp: '2018-11-15T03:11:17.105Z',
  [Symbol(level)]: 'info',
  [Symbol(message)]: '{"message":"Reemitting this status update...","level":"info","label":"TaskManager","timestamp":"2018-11-15T03:11:17.105Z"}' }
{ level: 'info',
  message: 'Runner b4de3721-08a0-4d83-a24a-562eedf349c6 posted new event TASK_STATUS - Task has stopped.',
  label: 'TaskManager',
  timestamp: '2018-11-15T03:11:17.106Z',
  [Symbol(level)]: 'info',
  [Symbol(splat)]: 
   [ 'b4de3721-08a0-4d83-a24a-562eedf349c6',
     'TASK_STATUS',
     'Task has stopped.' ],
  [Symbol(message)]: '{"level":"info","message":"Runner b4de3721-08a0-4d83-a24a-562eedf349c6 posted new event TASK_STATUS - Task has stopped.","label":"TaskManager","timestamp":"2018-11-15T03:11:17.106Z"}' }
{ message: 'Reemitting this status update...',
  level: 'info',
  label: 'TaskManager',
  timestamp: '2018-11-15T03:11:17.128Z',
  [Symbol(level)]: 'info',
  [Symbol(message)]: '{"message":"Reemitting this status update...","level":"info","label":"TaskManager","timestamp":"2018-11-15T03:11:17.128Z"}' }
{ level: 'info',
  message: 'Runner b4de3721-08a0-4d83-a24a-562eedf349c6 finished without errors',
  label: 'TaskManager',
  timestamp: '2018-11-15T03:11:17.130Z',
  [Symbol(level)]: 'info',
  [Symbol(splat)]: [ 'b4de3721-08a0-4d83-a24a-562eedf349c6' ],
  [Symbol(message)]: '{"level":"info","message":"Runner b4de3721-08a0-4d83-a24a-562eedf349c6 finished without errors","label":"TaskManager","timestamp":"2018-11-15T03:11:17.130Z"}' }
{ level: 'verbose',
  message: 'Performing cleanup for runner b4de3721-08a0-4d83-a24a-562eedf349c6',
  label: 'TaskManager',
  timestamp: '2018-11-15T03:11:17.130Z',
  [Symbol(level)]: 'verbose',
  [Symbol(splat)]: [ 'b4de3721-08a0-4d83-a24a-562eedf349c6' ],
  [Symbol(message)]: '{"level":"verbose","message":"Performing cleanup for runner b4de3721-08a0-4d83-a24a-562eedf349c6","label":"TaskManager","timestamp":"2018-11-15T03:11:17.130Z"}' }
{ level: 'info',
  message: 'Starting task 1',
  label: 'TaskManager',
  timestamp: '2018-11-15T03:13:18.162Z',
  [Symbol(level)]: 'info',
  [Symbol(splat)]: [ 1 ],
  [Symbol(message)]: '{"level":"info","message":"Starting task 1","label":"TaskManager","timestamp":"2018-11-15T03:13:18.162Z"}' }
{ level: 'info',
  message: 'Creating new runner 86233552-4105-468d-aec0-d905d0403646 for task $s',
  label: 'TaskManager',
  timestamp: '2018-11-15T03:13:18.163Z',
  meta: 1,
  [Symbol(level)]: 'info',
  [Symbol(splat)]: [ '86233552-4105-468d-aec0-d905d0403646' ],
  [Symbol(message)]: '{"level":"info","message":"Creating new runner 86233552-4105-468d-aec0-d905d0403646 for task $s","label":"TaskManager","timestamp":"2018-11-15T03:13:18.163Z","meta":1}' }
{ level: 'verbose',
  message: 'Reserving proxy for runner 86233552-4105-468d-aec0-d905d0403646 ...',
  label: 'TaskManager',
  timestamp: '2018-11-15T03:13:18.164Z',
  [Symbol(level)]: 'verbose',
  [Symbol(splat)]: [ '86233552-4105-468d-aec0-d905d0403646' ],
  [Symbol(message)]: '{"level":"verbose","message":"Reserving proxy for runner 86233552-4105-468d-aec0-d905d0403646 ...","label":"TaskManager","timestamp":"2018-11-15T03:13:18.164Z"}' }
{ message: 'Not waiting for open proxy, returning null',
  level: 'verbose',
  label: 'TaskManager',
  timestamp: '2018-11-15T03:13:18.164Z',
  [Symbol(level)]: 'verbose',
  [Symbol(message)]: '{"message":"Not waiting for open proxy, returning null","level":"verbose","label":"TaskManager","timestamp":"2018-11-15T03:13:18.164Z"}' }
{ message: 'Registering for TaskRunner Events ...',
  level: 'verbose',
  label: 'TaskManager',
  timestamp: '2018-11-15T03:13:18.167Z',
  [Symbol(level)]: 'verbose',
  [Symbol(message)]: '{"message":"Registering for TaskRunner Events ...","level":"verbose","label":"TaskManager","timestamp":"2018-11-15T03:13:18.167Z"}' }
{ message: 'Starting Runner ...',
  level: 'verbose',
  label: 'TaskManager',
  timestamp: '2018-11-15T03:13:18.167Z',
  [Symbol(level)]: 'verbose',
  [Symbol(message)]: '{"message":"Starting Runner ...","level":"verbose","label":"TaskManager","timestamp":"2018-11-15T03:13:18.167Z"}' }
{ level: 'info',
  message: 'Runner 86233552-4105-468d-aec0-d905d0403646 posted new event TASK_STATUS - Starting task...',
  label: 'TaskManager',
  timestamp: '2018-11-15T03:13:18.168Z',
  [Symbol(level)]: 'info',
  [Symbol(splat)]: 
   [ '86233552-4105-468d-aec0-d905d0403646',
     'TASK_STATUS',
     'Starting task...' ],
  [Symbol(message)]: '{"level":"info","message":"Runner 86233552-4105-468d-aec0-d905d0403646 posted new event TASK_STATUS - Starting task...","label":"TaskManager","timestamp":"2018-11-15T03:13:18.168Z"}' }
{ message: 'Reemitting this status update...',
  level: 'info',
  label: 'TaskManager',
  timestamp: '2018-11-15T03:13:18.168Z',
  [Symbol(level)]: 'info',
  [Symbol(message)]: '{"message":"Reemitting this status update...","level":"info","label":"TaskManager","timestamp":"2018-11-15T03:13:18.168Z"}' }
{ level: 'info',
  message: 'Runner 86233552-4105-468d-aec0-d905d0403646 posted new event TASK_STATUS - Errors during Checkout! Retrying Monitor...',
  label: 'TaskManager',
  timestamp: '2018-11-15T03:13:23.366Z',
  [Symbol(level)]: 'info',
  [Symbol(splat)]: 
   [ '86233552-4105-468d-aec0-d905d0403646',
     'TASK_STATUS',
     'Errors during Checkout! Retrying Monitor...' ],
  [Symbol(message)]: '{"level":"info","message":"Runner 86233552-4105-468d-aec0-d905d0403646 posted new event TASK_STATUS - Errors during Checkout! Retrying Monitor...","label":"TaskManager","timestamp":"2018-11-15T03:13:23.366Z"}' }
{ message: 'Reemitting this status update...',
  level: 'info',
  label: 'TaskManager',
  timestamp: '2018-11-15T03:13:23.366Z',
  [Symbol(level)]: 'info',
  [Symbol(message)]: '{"message":"Reemitting this status update...","level":"info","label":"TaskManager","timestamp":"2018-11-15T03:13:23.366Z"}' }
{ level: 'info',
  message: 'Attempting to stop runner with task id: 1',
  label: 'TaskManager',
  timestamp: '2018-11-15T03:13:27.074Z',
  [Symbol(level)]: 'info',
  [Symbol(splat)]: [ 1 ],
  [Symbol(message)]: '{"level":"info","message":"Attempting to stop runner with task id: 1","label":"TaskManager","timestamp":"2018-11-15T03:13:27.074Z"}' }
{ message: 'Stop signal sent',
  level: 'verbose',
  label: 'TaskManager',
  timestamp: '2018-11-15T03:13:27.074Z',
  [Symbol(level)]: 'verbose',
  [Symbol(message)]: '{"message":"Stop signal sent","level":"verbose","label":"TaskManager","timestamp":"2018-11-15T03:13:27.074Z"}' }
{ level: 'info',
  message: 'Runner 86233552-4105-468d-aec0-d905d0403646 posted new event TASK_STATUS - Errors during Checkout! Retrying Monitor...',
  label: 'TaskManager',
  timestamp: '2018-11-15T03:13:27.969Z',
  [Symbol(level)]: 'info',
  [Symbol(splat)]: 
   [ '86233552-4105-468d-aec0-d905d0403646',
     'TASK_STATUS',
     'Errors during Checkout! Retrying Monitor...' ],
  [Symbol(message)]: '{"level":"info","message":"Runner 86233552-4105-468d-aec0-d905d0403646 posted new event TASK_STATUS - Errors during Checkout! Retrying Monitor...","label":"TaskManager","timestamp":"2018-11-15T03:13:27.969Z"}' }
{ message: 'Reemitting this status update...',
  level: 'info',
  label: 'TaskManager',
  timestamp: '2018-11-15T03:13:27.970Z',
  [Symbol(level)]: 'info',
  [Symbol(message)]: '{"message":"Reemitting this status update...","level":"info","label":"TaskManager","timestamp":"2018-11-15T03:13:27.970Z"}' }
{ level: 'info',
  message: 'Runner 86233552-4105-468d-aec0-d905d0403646 posted new event TASK_STATUS - Task has aborted!',
  label: 'TaskManager',
  timestamp: '2018-11-15T03:13:29.472Z',
  [Symbol(level)]: 'info',
  [Symbol(splat)]: 
   [ '86233552-4105-468d-aec0-d905d0403646',
     'TASK_STATUS',
     'Task has aborted!' ],
  [Symbol(message)]: '{"level":"info","message":"Runner 86233552-4105-468d-aec0-d905d0403646 posted new event TASK_STATUS - Task has aborted!","label":"TaskManager","timestamp":"2018-11-15T03:13:29.472Z"}' }
{ message: 'Reemitting this status update...',
  level: 'info',
  label: 'TaskManager',
  timestamp: '2018-11-15T03:13:29.473Z',
  [Symbol(level)]: 'info',
  [Symbol(message)]: '{"message":"Reemitting this status update...","level":"info","label":"TaskManager","timestamp":"2018-11-15T03:13:29.473Z"}' }
{ level: 'info',
  message: 'Runner 86233552-4105-468d-aec0-d905d0403646 posted new event TASK_STATUS - Task has stopped.',
  label: 'TaskManager',
  timestamp: '2018-11-15T03:13:29.474Z',
  [Symbol(level)]: 'info',
  [Symbol(splat)]: 
   [ '86233552-4105-468d-aec0-d905d0403646',
     'TASK_STATUS',
     'Task has stopped.' ],
  [Symbol(message)]: '{"level":"info","message":"Runner 86233552-4105-468d-aec0-d905d0403646 posted new event TASK_STATUS - Task has stopped.","label":"TaskManager","timestamp":"2018-11-15T03:13:29.474Z"}' }
{ message: 'Reemitting this status update...',
  level: 'info',
  label: 'TaskManager',
  timestamp: '2018-11-15T03:13:29.478Z',
  [Symbol(level)]: 'info',
  [Symbol(message)]: '{"message":"Reemitting this status update...","level":"info","label":"TaskManager","timestamp":"2018-11-15T03:13:29.478Z"}' }
{ level: 'info',
  message: 'Runner 86233552-4105-468d-aec0-d905d0403646 finished without errors',
  label: 'TaskManager',
  timestamp: '2018-11-15T03:13:29.480Z',
  [Symbol(level)]: 'info',
  [Symbol(splat)]: [ '86233552-4105-468d-aec0-d905d0403646' ],
  [Symbol(message)]: '{"level":"info","message":"Runner 86233552-4105-468d-aec0-d905d0403646 finished without errors","label":"TaskManager","timestamp":"2018-11-15T03:13:29.480Z"}' }
{ level: 'verbose',
  message: 'Performing cleanup for runner 86233552-4105-468d-aec0-d905d0403646',
  label: 'TaskManager',
  timestamp: '2018-11-15T03:13:29.480Z',
  [Symbol(level)]: 'verbose',
  [Symbol(splat)]: [ '86233552-4105-468d-aec0-d905d0403646' ],
  [Symbol(message)]: '{"level":"verbose","message":"Performing cleanup for runner 86233552-4105-468d-aec0-d905d0403646","label":"TaskManager","timestamp":"2018-11-15T03:13:29.480Z"}' }
