{ level: 'verbose',
  message: 'Handling state: STARTED',
  label: 'TaskRunner-b4de3721-08a0-4d83-a24a-562eedf349c6',
  timestamp: '2018-11-15T03:10:59.884Z',
  [Symbol(level)]: 'verbose',
  [Symbol(splat)]: [ 'STARTED' ],
  [Symbol(message)]: '{"level":"verbose","message":"Handling state: STARTED","label":"TaskRunner-b4de3721-08a0-4d83-a24a-562eedf349c6","timestamp":"2018-11-15T03:10:59.884Z"}' }
{ level: 'verbose',
  message: 'Event TASK_STATUS emitted: {"message":"Starting task..."}',
  label: 'TaskRunner-b4de3721-08a0-4d83-a24a-562eedf349c6',
  timestamp: '2018-11-15T03:10:59.886Z',
  [Symbol(level)]: 'verbose',
  [Symbol(splat)]: [ 'TASK_STATUS', { message: 'Starting task...' } ],
  [Symbol(message)]: '{"level":"verbose","message":"Event TASK_STATUS emitted: {\\"message\\":\\"Starting task...\\"}","label":"TaskRunner-b4de3721-08a0-4d83-a24a-562eedf349c6","timestamp":"2018-11-15T03:10:59.886Z"}' }
{ level: 'verbose',
  message: 'Run Loop finished, state transitioned to: GEN_ALT_CHECKOUT',
  label: 'TaskRunner-b4de3721-08a0-4d83-a24a-562eedf349c6',
  timestamp: '2018-11-15T03:10:59.887Z',
  [Symbol(level)]: 'verbose',
  [Symbol(splat)]: [ 'GEN_ALT_CHECKOUT' ],
  [Symbol(message)]: '{"level":"verbose","message":"Run Loop finished, state transitioned to: GEN_ALT_CHECKOUT","label":"TaskRunner-b4de3721-08a0-4d83-a24a-562eedf349c6","timestamp":"2018-11-15T03:10:59.887Z"}' }
{ level: 'verbose',
  message: 'Handling state: GEN_ALT_CHECKOUT',
  label: 'TaskRunner-b4de3721-08a0-4d83-a24a-562eedf349c6',
  timestamp: '2018-11-15T03:10:59.888Z',
  [Symbol(level)]: 'verbose',
  [Symbol(splat)]: [ 'GEN_ALT_CHECKOUT' ],
  [Symbol(message)]: '{"level":"verbose","message":"Handling state: GEN_ALT_CHECKOUT","label":"TaskRunner-b4de3721-08a0-4d83-a24a-562eedf349c6","timestamp":"2018-11-15T03:10:59.888Z"}' }
{ level: 'verbose',
  message: 'Run Loop finished, state transitioned to: MONITOR',
  label: 'TaskRunner-b4de3721-08a0-4d83-a24a-562eedf349c6',
  timestamp: '2018-11-15T03:10:59.888Z',
  [Symbol(level)]: 'verbose',
  [Symbol(splat)]: [ 'MONITOR' ],
  [Symbol(message)]: '{"level":"verbose","message":"Run Loop finished, state transitioned to: MONITOR","label":"TaskRunner-b4de3721-08a0-4d83-a24a-562eedf349c6","timestamp":"2018-11-15T03:10:59.888Z"}' }
{ level: 'verbose',
  message: 'Handling state: MONITOR',
  label: 'TaskRunner-b4de3721-08a0-4d83-a24a-562eedf349c6',
  timestamp: '2018-11-15T03:10:59.888Z',
  [Symbol(level)]: 'verbose',
  [Symbol(splat)]: [ 'MONITOR' ],
  [Symbol(message)]: '{"level":"verbose","message":"Handling state: MONITOR","label":"TaskRunner-b4de3721-08a0-4d83-a24a-562eedf349c6","timestamp":"2018-11-15T03:10:59.888Z"}' }
{ level: 'silly',
  message: 'Determining Parse Type for Product...',
  label: 'TaskRunner-b4de3721-08a0-4d83-a24a-562eedf349c6',
  timestamp: '2018-11-15T03:10:59.889Z',
  [Symbol(level)]: 'silly',
  [Symbol(message)]: '{"level":"silly","message":"Determining Parse Type for Product...","label":"TaskRunner-b4de3721-08a0-4d83-a24a-562eedf349c6","timestamp":"2018-11-15T03:10:59.889Z"}' }
{ level: 'silly',
  message: 'Parse Type Determined as KEYWORDS',
  label: 'TaskRunner-b4de3721-08a0-4d83-a24a-562eedf349c6',
  timestamp: '2018-11-15T03:10:59.889Z',
  [Symbol(level)]: 'silly',
  [Symbol(splat)]: [ 'KEYWORDS' ],
  [Symbol(message)]: '{"level":"silly","message":"Parse Type Determined as KEYWORDS","label":"TaskRunner-b4de3721-08a0-4d83-a24a-562eedf349c6","timestamp":"2018-11-15T03:10:59.889Z"}' }
{ message: 'MONITOR: Keyword Parsing Detected',
  level: 'verbose',
  label: 'TaskRunner-b4de3721-08a0-4d83-a24a-562eedf349c6',
  timestamp: '2018-11-15T03:10:59.897Z',
  [Symbol(level)]: 'verbose',
  [Symbol(message)]: '{"message":"MONITOR: Keyword Parsing Detected","level":"verbose","label":"TaskRunner-b4de3721-08a0-4d83-a24a-562eedf349c6","timestamp":"2018-11-15T03:10:59.897Z"}' }
{ level: 'silly',
  message: 'AtomParser: constructing...',
  label: 'TaskRunner-b4de3721-08a0-4d83-a24a-562eedf349c6',
  timestamp: '2018-11-15T03:10:59.898Z',
  [Symbol(level)]: 'silly',
  [Symbol(splat)]: [ 'AtomParser' ],
  [Symbol(message)]: '{"level":"silly","message":"AtomParser: constructing...","label":"TaskRunner-b4de3721-08a0-4d83-a24a-562eedf349c6","timestamp":"2018-11-15T03:10:59.898Z"}' }
{ level: 'silly',
  message: 'AtomParser: constructed',
  label: 'TaskRunner-b4de3721-08a0-4d83-a24a-562eedf349c6',
  timestamp: '2018-11-15T03:10:59.899Z',
  [Symbol(level)]: 'silly',
  [Symbol(splat)]: [ 'AtomParser' ],
  [Symbol(message)]: '{"level":"silly","message":"AtomParser: constructed","label":"TaskRunner-b4de3721-08a0-4d83-a24a-562eedf349c6","timestamp":"2018-11-15T03:10:59.899Z"}' }
{ level: 'silly',
  message: 'JsonParser: constructing...',
  label: 'TaskRunner-b4de3721-08a0-4d83-a24a-562eedf349c6',
  timestamp: '2018-11-15T03:10:59.899Z',
  [Symbol(level)]: 'silly',
  [Symbol(splat)]: [ 'JsonParser' ],
  [Symbol(message)]: '{"level":"silly","message":"JsonParser: constructing...","label":"TaskRunner-b4de3721-08a0-4d83-a24a-562eedf349c6","timestamp":"2018-11-15T03:10:59.899Z"}' }
{ level: 'silly',
  message: 'JsonParser: constructed',
  label: 'TaskRunner-b4de3721-08a0-4d83-a24a-562eedf349c6',
  timestamp: '2018-11-15T03:10:59.899Z',
  [Symbol(level)]: 'silly',
  [Symbol(splat)]: [ 'JsonParser' ],
  [Symbol(message)]: '{"level":"silly","message":"JsonParser: constructed","label":"TaskRunner-b4de3721-08a0-4d83-a24a-562eedf349c6","timestamp":"2018-11-15T03:10:59.899Z"}' }
{ level: 'silly',
  message: 'XmlParser: constructing...',
  label: 'TaskRunner-b4de3721-08a0-4d83-a24a-562eedf349c6',
  timestamp: '2018-11-15T03:10:59.899Z',
  [Symbol(level)]: 'silly',
  [Symbol(splat)]: [ 'XmlParser' ],
  [Symbol(message)]: '{"level":"silly","message":"XmlParser: constructing...","label":"TaskRunner-b4de3721-08a0-4d83-a24a-562eedf349c6","timestamp":"2018-11-15T03:10:59.899Z"}' }
{ level: 'silly',
  message: 'XmlParser: constructed',
  label: 'TaskRunner-b4de3721-08a0-4d83-a24a-562eedf349c6',
  timestamp: '2018-11-15T03:10:59.900Z',
  [Symbol(level)]: 'silly',
  [Symbol(splat)]: [ 'XmlParser' ],
  [Symbol(message)]: '{"level":"silly","message":"XmlParser: constructed","label":"TaskRunner-b4de3721-08a0-4d83-a24a-562eedf349c6","timestamp":"2018-11-15T03:10:59.900Z"}' }
{ level: 'silly',
  message: 'AtomParser: starting run...',
  label: 'TaskRunner-b4de3721-08a0-4d83-a24a-562eedf349c6',
  timestamp: '2018-11-15T03:10:59.901Z',
  [Symbol(level)]: 'silly',
  [Symbol(splat)]: [ 'AtomParser' ],
  [Symbol(message)]: '{"level":"silly","message":"AtomParser: starting run...","label":"TaskRunner-b4de3721-08a0-4d83-a24a-562eedf349c6","timestamp":"2018-11-15T03:10:59.901Z"}' }
{ level: 'silly',
  message: 'AtomParser: Making request for https://kith.com/collections/all.atom ...',
  label: 'TaskRunner-b4de3721-08a0-4d83-a24a-562eedf349c6',
  timestamp: '2018-11-15T03:10:59.901Z',
  [Symbol(level)]: 'silly',
  [Symbol(splat)]: [ 'AtomParser', 'https://kith.com' ],
  [Symbol(message)]: '{"level":"silly","message":"AtomParser: Making request for https://kith.com/collections/all.atom ...","label":"TaskRunner-b4de3721-08a0-4d83-a24a-562eedf349c6","timestamp":"2018-11-15T03:10:59.901Z"}' }
{ level: 'silly',
  message: 'JsonParser: Starting run...',
  label: 'TaskRunner-b4de3721-08a0-4d83-a24a-562eedf349c6',
  timestamp: '2018-11-15T03:10:59.969Z',
  [Symbol(level)]: 'silly',
  [Symbol(splat)]: [ 'JsonParser' ],
  [Symbol(message)]: '{"level":"silly","message":"JsonParser: Starting run...","label":"TaskRunner-b4de3721-08a0-4d83-a24a-562eedf349c6","timestamp":"2018-11-15T03:10:59.969Z"}' }
{ level: 'silly',
  message: 'JsonParser: Making request for https://kith.com/products.json ...',
  label: 'TaskRunner-b4de3721-08a0-4d83-a24a-562eedf349c6',
  timestamp: '2018-11-15T03:10:59.969Z',
  [Symbol(level)]: 'silly',
  [Symbol(splat)]: [ 'JsonParser', 'https://kith.com' ],
  [Symbol(message)]: '{"level":"silly","message":"JsonParser: Making request for https://kith.com/products.json ...","label":"TaskRunner-b4de3721-08a0-4d83-a24a-562eedf349c6","timestamp":"2018-11-15T03:10:59.969Z"}' }
{ level: 'silly',
  message: 'XmlParser: starting run...',
  label: 'TaskRunner-b4de3721-08a0-4d83-a24a-562eedf349c6',
  timestamp: '2018-11-15T03:10:59.974Z',
  [Symbol(level)]: 'silly',
  [Symbol(splat)]: [ 'XmlParser' ],
  [Symbol(message)]: '{"level":"silly","message":"XmlParser: starting run...","label":"TaskRunner-b4de3721-08a0-4d83-a24a-562eedf349c6","timestamp":"2018-11-15T03:10:59.974Z"}' }
{ level: 'silly',
  message: 'XmlParser: Making request for https://kith.com/sitemap_products_1.xml ...',
  label: 'TaskRunner-b4de3721-08a0-4d83-a24a-562eedf349c6',
  timestamp: '2018-11-15T03:10:59.974Z',
  [Symbol(level)]: 'silly',
  [Symbol(splat)]: [ 'XmlParser', 'https://kith.com' ],
  [Symbol(message)]: '{"level":"silly","message":"XmlParser: Making request for https://kith.com/sitemap_products_1.xml ...","label":"TaskRunner-b4de3721-08a0-4d83-a24a-562eedf349c6","timestamp":"2018-11-15T03:10:59.974Z"}' }
{ level: 'silly',
  message: 'RFRL - parseAll: Starting...',
  label: 'TaskRunner-b4de3721-08a0-4d83-a24a-562eedf349c6',
  timestamp: '2018-11-15T03:10:59.976Z',
  [Symbol(level)]: 'silly',
  [Symbol(splat)]: [ ' - parseAll' ],
  [Symbol(message)]: '{"level":"silly","message":"RFRL - parseAll: Starting...","label":"TaskRunner-b4de3721-08a0-4d83-a24a-562eedf349c6","timestamp":"2018-11-15T03:10:59.976Z"}' }
{ level: 'silly',
  message: '[ASYNC] RFRL - parseAll: Attaching Handlers...',
  label: 'TaskRunner-b4de3721-08a0-4d83-a24a-562eedf349c6',
  timestamp: '2018-11-15T03:10:59.976Z',
  [Symbol(level)]: 'silly',
  [Symbol(splat)]: [ ' - parseAll' ],
  [Symbol(message)]: '{"level":"silly","message":"[ASYNC] RFRL - parseAll: Attaching Handlers...","label":"TaskRunner-b4de3721-08a0-4d83-a24a-562eedf349c6","timestamp":"2018-11-15T03:10:59.976Z"}' }
{ level: 'silly',
  message: 'RFRL - parseAll: Sync work done, waiting on promises...',
  label: 'TaskRunner-b4de3721-08a0-4d83-a24a-562eedf349c6',
  timestamp: '2018-11-15T03:10:59.976Z',
  [Symbol(level)]: 'silly',
  [Symbol(splat)]: [ ' - parseAll' ],
  [Symbol(message)]: '{"level":"silly","message":"RFRL - parseAll: Sync work done, waiting on promises...","label":"TaskRunner-b4de3721-08a0-4d83-a24a-562eedf349c6","timestamp":"2018-11-15T03:10:59.976Z"}' }
{ level: 'silly',
  message: 'JsonParser: ERROR making request!',
  label: 'TaskRunner-b4de3721-08a0-4d83-a24a-562eedf349c6',
  timestamp: '2018-11-15T03:11:00.114Z',
  meta: 
   { RequestError: Error: socket hang up
    at new RequestError (/Users/Matt/Downloads/nebula/task-runner/node_modules/request-promise-core/lib/errors.js:14:15)
    at Request.plumbing.callback (/Users/Matt/Downloads/nebula/task-runner/node_modules/request-promise-core/lib/plumbing.js:87:29)
    at Request.RP$callback [as _callback] (/Users/Matt/Downloads/nebula/task-runner/node_modules/request-promise-core/lib/plumbing.js:46:31)
    at self.callback (/Users/Matt/Downloads/nebula/task-runner/node_modules/request/request.js:185:22)
    at emitOne (events.js:116:13)
    at Request.emit (events.js:211:7)
    at Request.onRequestError (/Users/Matt/Downloads/nebula/task-runner/node_modules/request/request.js:881:8)
    at emitOne (events.js:121:20)
    at ClientRequest.emit (events.js:211:7)
    at TLSSocket.socketOnEnd (_http_client.js:423:9)
    at emitNone (events.js:111:20)
    at TLSSocket.emit (events.js:208:7)
    at endReadableNT (_stream_readable.js:1056:12)
    at _combinedTickCallback (internal/process/next_tick.js:138:11)
    at process._tickCallback (internal/process/next_tick.js:180:9)
From previous event:
    at Request.plumbing.init (/Users/Matt/Downloads/nebula/task-runner/node_modules/request-promise-core/lib/plumbing.js:36:28)
    at Request.RP$initInterceptor [as init] (/Users/Matt/Downloads/nebula/task-runner/node_modules/request-promise-core/configure/request2.js:41:27)
    at new Request (/Users/Matt/Downloads/nebula/task-runner/node_modules/request/request.js:127:8)
    at request (/Users/Matt/Downloads/nebula/task-runner/node_modules/request/index.js:53:10)
    at /Users/Matt/Downloads/nebula/task-runner/node_modules/request/index.js:100:12
    at JsonParser.run (/Users/Matt/Downloads/nebula/task-runner/shopify/classes/parsers/jsonParser.js:103:30)
    at parsers.map.p (/Users/Matt/Downloads/nebula/task-runner/shopify/classes/monitor.js:65:22)
    at Array.map (<anonymous>)
    at Monitor._parseAll (/Users/Matt/Downloads/nebula/task-runner/shopify/classes/monitor.js:65:11)
    at Monitor._monitorKeywords (/Users/Matt/Downloads/nebula/task-runner/shopify/classes/monitor.js:93:33)
    at Monitor.run (/Users/Matt/Downloads/nebula/task-runner/shopify/classes/monitor.js:173:46)
    at TaskRunner._handleMonitor (/Users/Matt/Downloads/nebula/task-runner/shopify/taskRunner.js:214:41)
    at TaskRunner._handleStepLogic (/Users/Matt/Downloads/nebula/task-runner/shopify/taskRunner.js:286:30)
    at TaskRunner.start (/Users/Matt/Downloads/nebula/task-runner/shopify/taskRunner.js:297:38)
    at <anonymous>
    at process._tickCallback (internal/process/next_tick.js:188:7)
     name: 'RequestError',
     message: 'Error: socket hang up',
     cause: { Error: socket hang up
    at createHangUpError (_http_client.js:331:15)
    at TLSSocket.socketOnEnd (_http_client.js:423:23)
    at emitNone (events.js:111:20)
    at TLSSocket.emit (events.js:208:7)
    at endReadableNT (_stream_readable.js:1056:12)
    at _combinedTickCallback (internal/process/next_tick.js:138:11)
    at process._tickCallback (internal/process/next_tick.js:180:9) code: 'ECONNRESET' },
     error: { Error: socket hang up
    at createHangUpError (_http_client.js:331:15)
    at TLSSocket.socketOnEnd (_http_client.js:423:23)
    at emitNone (events.js:111:20)
    at TLSSocket.emit (events.js:208:7)
    at endReadableNT (_stream_readable.js:1056:12)
    at _combinedTickCallback (internal/process/next_tick.js:138:11)
    at process._tickCallback (internal/process/next_tick.js:180:9) code: 'ECONNRESET' },
     options: 
      { timeout: 10000,
        jar: 
         RequestJar {
           _jar: CookieJar { enableLooseMode: true, store: { idx: {} } } },
        method: 'GET',
        uri: 'https://kith.com/products.json',
        rejectUnauthorized: false,
        json: false,
        simple: true,
        gzip: true,
        headers: 
         { 'User-Agent': 'Mozilla/5.0 (Macintosh; Intel Mac OS X 10_12_4) AppleWebKit/537.36 (KHTML, like Gecko) Chrome/57.0.2987.133 Safari/537.36' },
        callback: [Function: RP$callback],
        transform: undefined,
        resolveWithFullResponse: false,
        transform2xxOnly: false },
     response: undefined },
  [Symbol(level)]: 'silly',
  [Symbol(splat)]: [ 'JsonParser' ],
  [Symbol(message)]: '{"level":"silly","message":"JsonParser: ERROR making request!","label":"TaskRunner-b4de3721-08a0-4d83-a24a-562eedf349c6","timestamp":"2018-11-15T03:11:00.114Z","meta":{"name":"RequestError","message":"Error: socket hang up","cause":{"code":"ECONNRESET"},"error":{"code":"ECONNRESET"},"options":{"timeout":10000,"jar":{"_jar":{"version":"tough-cookie@2.4.3","storeType":"MemoryCookieStore","rejectPublicSuffixes":true,"cookies":[]}},"method":"GET","uri":"https://kith.com/products.json","rejectUnauthorized":false,"json":false,"simple":true,"gzip":true,"headers":{"User-Agent":"Mozilla/5.0 (Macintosh; Intel Mac OS X 10_12_4) AppleWebKit/537.36 (KHTML, like Gecko) Chrome/57.0.2987.133 Safari/537.36"},"resolveWithFullResponse":false,"transform2xxOnly":false}}}' }
{ level: 'silly',
  message: '[ASYNC] RFRL - parseAll - 1: REJECTED',
  label: 'TaskRunner-b4de3721-08a0-4d83-a24a-562eedf349c6',
  timestamp: '2018-11-15T03:11:00.116Z',
  meta: { Error: unable to make request
    at JsonParser.run (/Users/Matt/Downloads/nebula/task-runner/shopify/classes/parsers/jsonParser.js:118:23)
    at <anonymous> status: 404 },
  [Symbol(level)]: 'silly',
  [Symbol(splat)]: [ ' - parseAll', 1 ],
  [Symbol(message)]: '{"level":"silly","message":"[ASYNC] RFRL - parseAll - 1: REJECTED","label":"TaskRunner-b4de3721-08a0-4d83-a24a-562eedf349c6","timestamp":"2018-11-15T03:11:00.116Z","meta":{"status":404}}' }
{ level: 'silly',
  message: '[ASYNC] RFRL - parseAll - 1: Not the final error, there\'s still hope!',
  label: 'TaskRunner-b4de3721-08a0-4d83-a24a-562eedf349c6',
  timestamp: '2018-11-15T03:11:00.116Z',
  [Symbol(level)]: 'silly',
  [Symbol(splat)]: [ ' - parseAll', 1 ],
  [Symbol(message)]: '{"level":"silly","message":"[ASYNC] RFRL - parseAll - 1: Not the final error, there\'s still hope!","label":"TaskRunner-b4de3721-08a0-4d83-a24a-562eedf349c6","timestamp":"2018-11-15T03:11:00.116Z"}' }
{ level: 'silly',
  message: 'AtomParser: Received Response, attempting to translate structure...',
  label: 'TaskRunner-b4de3721-08a0-4d83-a24a-562eedf349c6',
  timestamp: '2018-11-15T03:11:00.277Z',
  [Symbol(level)]: 'silly',
  [Symbol(splat)]: [ 'AtomParser' ],
  [Symbol(message)]: '{"level":"silly","message":"AtomParser: Received Response, attempting to translate structure...","label":"TaskRunner-b4de3721-08a0-4d83-a24a-562eedf349c6","timestamp":"2018-11-15T03:11:00.277Z"}' }
{ level: 'silly',
  message: 'AtomParser: Translated Structure, attempting to match',
  label: 'TaskRunner-b4de3721-08a0-4d83-a24a-562eedf349c6',
  timestamp: '2018-11-15T03:11:00.277Z',
  [Symbol(level)]: 'silly',
  [Symbol(splat)]: [ 'AtomParser' ],
  [Symbol(message)]: '{"level":"silly","message":"AtomParser: Translated Structure, attempting to match","label":"TaskRunner-b4de3721-08a0-4d83-a24a-562eedf349c6","timestamp":"2018-11-15T03:11:00.277Z"}' }
{ level: 'silly',
  message: 'AtomParser: starting parse...',
  label: 'TaskRunner-b4de3721-08a0-4d83-a24a-562eedf349c6',
  timestamp: '2018-11-15T03:11:00.278Z',
  [Symbol(level)]: 'silly',
  [Symbol(splat)]: [ 'AtomParser' ],
  [Symbol(message)]: '{"level":"silly","message":"AtomParser: starting parse...","label":"TaskRunner-b4de3721-08a0-4d83-a24a-562eedf349c6","timestamp":"2018-11-15T03:11:00.278Z"}' }
{ level: 'silly',
  message: 'AtomParser: parsing type KEYWORDS detected',
  label: 'TaskRunner-b4de3721-08a0-4d83-a24a-562eedf349c6',
  timestamp: '2018-11-15T03:11:00.278Z',
  [Symbol(level)]: 'silly',
  [Symbol(splat)]: [ 'AtomParser', 'KEYWORDS' ],
  [Symbol(message)]: '{"level":"silly","message":"AtomParser: parsing type KEYWORDS detected","label":"TaskRunner-b4de3721-08a0-4d83-a24a-562eedf349c6","timestamp":"2018-11-15T03:11:00.278Z"}' }
{ level: 'silly',
  message: 'AtomParser: Unable to find matching product! throwing error',
  label: 'TaskRunner-b4de3721-08a0-4d83-a24a-562eedf349c6',
  timestamp: '2018-11-15T03:11:00.279Z',
  [Symbol(level)]: 'silly',
  [Symbol(splat)]: [ 'AtomParser' ],
  [Symbol(message)]: '{"level":"silly","message":"AtomParser: Unable to find matching product! throwing error","label":"TaskRunner-b4de3721-08a0-4d83-a24a-562eedf349c6","timestamp":"2018-11-15T03:11:00.279Z"}' }
{ level: 'silly',
  message: '[ASYNC] RFRL - parseAll - 0: REJECTED',
  label: 'TaskRunner-b4de3721-08a0-4d83-a24a-562eedf349c6',
  timestamp: '2018-11-15T03:11:00.279Z',
  meta: Error: ProductNotFound
    at AtomParser.match (/Users/Matt/Downloads/nebula/task-runner/shopify/classes/parsers/jsonParser.js:158:17)
    at AtomParser.run (/Users/Matt/Downloads/nebula/task-runner/shopify/classes/parsers/atomParser.js:68:34)
    at <anonymous>,
  [Symbol(level)]: 'silly',
  [Symbol(splat)]: [ ' - parseAll', 0 ],
  [Symbol(message)]: '{"level":"silly","message":"[ASYNC] RFRL - parseAll - 0: REJECTED","label":"TaskRunner-b4de3721-08a0-4d83-a24a-562eedf349c6","timestamp":"2018-11-15T03:11:00.279Z","meta":{}}' }
{ level: 'silly',
  message: '[ASYNC] RFRL - parseAll - 0: Not the final error, there\'s still hope!',
  label: 'TaskRunner-b4de3721-08a0-4d83-a24a-562eedf349c6',
  timestamp: '2018-11-15T03:11:00.280Z',
  [Symbol(level)]: 'silly',
  [Symbol(splat)]: [ ' - parseAll', 0 ],
  [Symbol(message)]: '{"level":"silly","message":"[ASYNC] RFRL - parseAll - 0: Not the final error, there\'s still hope!","label":"TaskRunner-b4de3721-08a0-4d83-a24a-562eedf349c6","timestamp":"2018-11-15T03:11:00.280Z"}' }
{ level: 'silly',
  message: 'XmlParser: Received Response, attempting to translate structure...',
  label: 'TaskRunner-b4de3721-08a0-4d83-a24a-562eedf349c6',
  timestamp: '2018-11-15T03:11:00.753Z',
  [Symbol(level)]: 'silly',
  [Symbol(splat)]: [ 'XmlParser' ],
  [Symbol(message)]: '{"level":"silly","message":"XmlParser: Received Response, attempting to translate structure...","label":"TaskRunner-b4de3721-08a0-4d83-a24a-562eedf349c6","timestamp":"2018-11-15T03:11:00.753Z"}' }
{ level: 'silly',
  message: 'XmlParser: Translated Structure, attempting to match',
  label: 'TaskRunner-b4de3721-08a0-4d83-a24a-562eedf349c6',
  timestamp: '2018-11-15T03:11:00.757Z',
  [Symbol(level)]: 'silly',
  [Symbol(splat)]: [ 'XmlParser' ],
  [Symbol(message)]: '{"level":"silly","message":"XmlParser: Translated Structure, attempting to match","label":"TaskRunner-b4de3721-08a0-4d83-a24a-562eedf349c6","timestamp":"2018-11-15T03:11:00.757Z"}' }
{ level: 'silly',
  message: 'XmlParser: starting parse...',
  label: 'TaskRunner-b4de3721-08a0-4d83-a24a-562eedf349c6',
  timestamp: '2018-11-15T03:11:00.758Z',
  [Symbol(level)]: 'silly',
  [Symbol(splat)]: [ 'XmlParser' ],
  [Symbol(message)]: '{"level":"silly","message":"XmlParser: starting parse...","label":"TaskRunner-b4de3721-08a0-4d83-a24a-562eedf349c6","timestamp":"2018-11-15T03:11:00.758Z"}' }
{ level: 'silly',
  message: 'XmlParser: parsing type KEYWORDS detected',
  label: 'TaskRunner-b4de3721-08a0-4d83-a24a-562eedf349c6',
  timestamp: '2018-11-15T03:11:00.758Z',
  [Symbol(level)]: 'silly',
  [Symbol(splat)]: [ 'XmlParser', 'KEYWORDS' ],
  [Symbol(message)]: '{"level":"silly","message":"XmlParser: parsing type KEYWORDS detected","label":"TaskRunner-b4de3721-08a0-4d83-a24a-562eedf349c6","timestamp":"2018-11-15T03:11:00.758Z"}' }
{ level: 'silly',
  message: 'XmlParser: Matching Product found!',
  label: 'TaskRunner-b4de3721-08a0-4d83-a24a-562eedf349c6',
  timestamp: '2018-11-15T03:11:00.777Z',
  [Symbol(level)]: 'silly',
  [Symbol(splat)]: [ 'XmlParser' ],
  [Symbol(message)]: '{"level":"silly","message":"XmlParser: Matching Product found!","label":"TaskRunner-b4de3721-08a0-4d83-a24a-562eedf349c6","timestamp":"2018-11-15T03:11:00.777Z"}' }
{ level: 'silly',
  message: 'XmlParser: Product Found! Looking for Variant Info...',
  label: 'TaskRunner-b4de3721-08a0-4d83-a24a-562eedf349c6',
  timestamp: '2018-11-15T03:11:00.777Z',
  [Symbol(level)]: 'silly',
  [Symbol(splat)]: [ 'XmlParser' ],
  [Symbol(message)]: '{"level":"silly","message":"XmlParser: Product Found! Looking for Variant Info...","label":"TaskRunner-b4de3721-08a0-4d83-a24a-562eedf349c6","timestamp":"2018-11-15T03:11:00.777Z"}' }
{ level: 'silly',
  message: 'JsonParser: Getting Full Product Info...',
  label: 'TaskRunner-b4de3721-08a0-4d83-a24a-562eedf349c6',
  timestamp: '2018-11-15T03:11:00.778Z',
  [Symbol(level)]: 'silly',
  [Symbol(message)]: '{"level":"silly","message":"JsonParser: Getting Full Product Info...","label":"TaskRunner-b4de3721-08a0-4d83-a24a-562eedf349c6","timestamp":"2018-11-15T03:11:00.778Z"}' }
{ level: 'silly',
  message: 'JsonParser: Requesting https://kith.com/products/ronnie-fieg-x-clarks-shearling-wallabee-purple.(json|oembed) in a race',
  label: 'TaskRunner-b4de3721-08a0-4d83-a24a-562eedf349c6',
  timestamp: '2018-11-15T03:11:00.778Z',
  [Symbol(level)]: 'silly',
  [Symbol(splat)]: 
   [ 'https://kith.com/products/ronnie-fieg-x-clarks-shearling-wallabee-purple' ],
  [Symbol(message)]: '{"level":"silly","message":"JsonParser: Requesting https://kith.com/products/ronnie-fieg-x-clarks-shearling-wallabee-purple.(json|oembed) in a race","label":"TaskRunner-b4de3721-08a0-4d83-a24a-562eedf349c6","timestamp":"2018-11-15T03:11:00.778Z"}' }
{ level: 'silly',
  message: 'XmlParser: Full Product Info Found! Merging data and Returning.',
  label: 'TaskRunner-b4de3721-08a0-4d83-a24a-562eedf349c6',
  timestamp: '2018-11-15T03:11:00.994Z',
  [Symbol(level)]: 'silly',
  [Symbol(splat)]: [ 'XmlParser' ],
  [Symbol(message)]: '{"level":"silly","message":"XmlParser: Full Product Info Found! Merging data and Returning.","label":"TaskRunner-b4de3721-08a0-4d83-a24a-562eedf349c6","timestamp":"2018-11-15T03:11:00.994Z"}' }
{ level: 'silly',
  message: '[ASYNC] RFRL - parseAll - 2: RESOLVE',
  label: 'TaskRunner-b4de3721-08a0-4d83-a24a-562eedf349c6',
  timestamp: '2018-11-15T03:11:00.994Z',
  meta: 
   { url: 'https://kith.com/products/ronnie-fieg-x-clarks-shearling-wallabee-purple',
     updated_at: '2018-11-14T17:08:45-05:00',
     title: 'Ronnie Fieg x Clarks Shearling Wallabee - Purple',
     handle: 'ronnie-fieg-x-clarks-shearling-wallabee-purple',
     vendor: 'Kith',
     variants: 
      [ { title: '6', id: 17395418792005, price: '185' },
        { title: '6.5', id: 17395418923077, price: '185' },
        { title: '7', id: 17395419021381, price: '185' },
        { title: '7.5', id: 17395419152453, price: '185' },
        { title: '8', id: 17395419250757, price: '185' },
        { title: '8.5', id: 17395419316293, price: '185' },
        { title: '9', id: 17395419414597, price: '185' },
        { title: '9.5', id: 17395419512901, price: '185' },
        { title: '10', id: 17395419578437, price: '185' },
        { title: '10.5', id: 17395419643973, price: '185' },
        { title: '11', id: 17395419709509, price: '185' },
        { title: '11.5', id: 17395419775045, price: '185' },
        { title: '12', id: 17395419906117, price: '185' },
        { title: '12.5', id: 17395420004421, price: '185' },
        { title: '13', id: 17395420102725, price: '185' },
        { title: '13.5', id: 17395420201029, price: '185' },
        { title: '14', id: 17395420266565, price: '185' },
        { title: '14.5', id: 17395420364869, price: '185' },
        { title: '15', id: 17395420463173, price: '185' },
        { title: '40', id: 17395420561477, price: '185' },
        { title: '41', id: 17395420725317, price: '185' },
        { title: '42', id: 17395420823621, price: '185' },
        { title: '43', id: 17395420987461, price: '185' },
        { title: '44', id: 17395421184069, price: '185' },
        { title: '45', id: 17395421315141, price: '185' },
        { title: '46', id: 17395421446213, price: '185' },
        { title: '47', id: 17395421577285, price: '185' } ] },
  [Symbol(level)]: 'silly',
  [Symbol(splat)]: [ ' - parseAll', 2 ],
  [Symbol(message)]: '{"level":"silly","message":"[ASYNC] RFRL - parseAll - 2: RESOLVE","label":"TaskRunner-b4de3721-08a0-4d83-a24a-562eedf349c6","timestamp":"2018-11-15T03:11:00.994Z","meta":{"url":"https://kith.com/products/ronnie-fieg-x-clarks-shearling-wallabee-purple","updated_at":"2018-11-14T17:08:45-05:00","title":"Ronnie Fieg x Clarks Shearling Wallabee - Purple","handle":"ronnie-fieg-x-clarks-shearling-wallabee-purple","vendor":"Kith","variants":[{"title":"6","id":17395418792005,"price":"185"},{"title":"6.5","id":17395418923077,"price":"185"},{"title":"7","id":17395419021381,"price":"185"},{"title":"7.5","id":17395419152453,"price":"185"},{"title":"8","id":17395419250757,"price":"185"},{"title":"8.5","id":17395419316293,"price":"185"},{"title":"9","id":17395419414597,"price":"185"},{"title":"9.5","id":17395419512901,"price":"185"},{"title":"10","id":17395419578437,"price":"185"},{"title":"10.5","id":17395419643973,"price":"185"},{"title":"11","id":17395419709509,"price":"185"},{"title":"11.5","id":17395419775045,"price":"185"},{"title":"12","id":17395419906117,"price":"185"},{"title":"12.5","id":17395420004421,"price":"185"},{"title":"13","id":17395420102725,"price":"185"},{"title":"13.5","id":17395420201029,"price":"185"},{"title":"14","id":17395420266565,"price":"185"},{"title":"14.5","id":17395420364869,"price":"185"},{"title":"15","id":17395420463173,"price":"185"},{"title":"40","id":17395420561477,"price":"185"},{"title":"41","id":17395420725317,"price":"185"},{"title":"42","id":17395420823621,"price":"185"},{"title":"43","id":17395420987461,"price":"185"},{"title":"44","id":17395421184069,"price":"185"},{"title":"45","id":17395421315141,"price":"185"},{"title":"46","id":17395421446213,"price":"185"},{"title":"47","id":17395421577285,"price":"185"}]}}' }
{ level: 'silly',
  message: '[ASYNC] RFRL - parseAll - 2: Chosen as WINNER',
  label: 'TaskRunner-b4de3721-08a0-4d83-a24a-562eedf349c6',
  timestamp: '2018-11-15T03:11:00.995Z',
  [Symbol(level)]: 'silly',
  [Symbol(splat)]: [ ' - parseAll', 2 ],
  [Symbol(message)]: '{"level":"silly","message":"[ASYNC] RFRL - parseAll - 2: Chosen as WINNER","label":"TaskRunner-b4de3721-08a0-4d83-a24a-562eedf349c6","timestamp":"2018-11-15T03:11:00.995Z"}' }
{ level: 'verbose',
  message: 'MONITOR: Ronnie Fieg x Clarks Shearling Wallabee - Purple retrieved as a matched product',
  label: 'TaskRunner-b4de3721-08a0-4d83-a24a-562eedf349c6',
  timestamp: '2018-11-15T03:11:00.995Z',
  [Symbol(level)]: 'verbose',
  [Symbol(splat)]: [ 'Ronnie Fieg x Clarks Shearling Wallabee - Purple' ],
  [Symbol(message)]: '{"level":"verbose","message":"MONITOR: Ronnie Fieg x Clarks Shearling Wallabee - Purple retrieved as a matched product","label":"TaskRunner-b4de3721-08a0-4d83-a24a-562eedf349c6","timestamp":"2018-11-15T03:11:00.995Z"}' }
{ message: 'MONITOR: Generating variant lists now...',
  level: 'verbose',
  label: 'TaskRunner-b4de3721-08a0-4d83-a24a-562eedf349c6',
  timestamp: '2018-11-15T03:11:00.995Z',
  [Symbol(level)]: 'verbose',
  [Symbol(message)]: '{"message":"MONITOR: Generating variant lists now...","level":"verbose","label":"TaskRunner-b4de3721-08a0-4d83-a24a-562eedf349c6","timestamp":"2018-11-15T03:11:00.995Z"}' }
{ message: 'MONITOR: Variants Generated, updating context...',
  level: 'verbose',
  label: 'TaskRunner-b4de3721-08a0-4d83-a24a-562eedf349c6',
  timestamp: '2018-11-15T03:11:00.996Z',
  [Symbol(level)]: 'verbose',
  [Symbol(message)]: '{"message":"MONITOR: Variants Generated, updating context...","level":"verbose","label":"TaskRunner-b4de3721-08a0-4d83-a24a-562eedf349c6","timestamp":"2018-11-15T03:11:00.996Z"}' }
{ message: 'MONITOR: Status is OK, proceeding to checkout',
  level: 'verbose',
  label: 'TaskRunner-b4de3721-08a0-4d83-a24a-562eedf349c6',
  timestamp: '2018-11-15T03:11:00.997Z',
  [Symbol(level)]: 'verbose',
  [Symbol(message)]: '{"message":"MONITOR: Status is OK, proceeding to checkout","level":"verbose","label":"TaskRunner-b4de3721-08a0-4d83-a24a-562eedf349c6","timestamp":"2018-11-15T03:11:00.997Z"}' }
{ level: 'verbose',
  message: 'Run Loop finished, state transitioned to: CHECKOUT',
  label: 'TaskRunner-b4de3721-08a0-4d83-a24a-562eedf349c6',
  timestamp: '2018-11-15T03:11:00.997Z',
  [Symbol(level)]: 'verbose',
  [Symbol(splat)]: [ 'CHECKOUT' ],
  [Symbol(message)]: '{"level":"verbose","message":"Run Loop finished, state transitioned to: CHECKOUT","label":"TaskRunner-b4de3721-08a0-4d83-a24a-562eedf349c6","timestamp":"2018-11-15T03:11:00.997Z"}' }
{ level: 'verbose',
  message: 'Handling state: CHECKOUT',
  label: 'TaskRunner-b4de3721-08a0-4d83-a24a-562eedf349c6',
  timestamp: '2018-11-15T03:11:00.997Z',
  [Symbol(level)]: 'verbose',
  [Symbol(splat)]: [ 'CHECKOUT' ],
  [Symbol(message)]: '{"level":"verbose","message":"Handling state: CHECKOUT","label":"TaskRunner-b4de3721-08a0-4d83-a24a-562eedf349c6","timestamp":"2018-11-15T03:11:00.997Z"}' }
{ level: 'verbose',
  message: 'CHECKOUT: Handling State: STARTED ...',
  label: 'TaskRunner-b4de3721-08a0-4d83-a24a-562eedf349c6',
  timestamp: '2018-11-15T03:11:00.998Z',
  [Symbol(level)]: 'verbose',
  [Symbol(splat)]: [ 'STARTED' ],
  [Symbol(message)]: '{"level":"verbose","message":"CHECKOUT: Handling State: STARTED ...","label":"TaskRunner-b4de3721-08a0-4d83-a24a-562eedf349c6","timestamp":"2018-11-15T03:11:00.998Z"}' }
{ message: 'CHECKOUT: Starting...',
  level: 'verbose',
  label: 'TaskRunner-b4de3721-08a0-4d83-a24a-562eedf349c6',
  timestamp: '2018-11-15T03:11:00.998Z',
  [Symbol(level)]: 'verbose',
  [Symbol(message)]: '{"message":"CHECKOUT: Starting...","level":"verbose","label":"TaskRunner-b4de3721-08a0-4d83-a24a-562eedf349c6","timestamp":"2018-11-15T03:11:00.998Z"}' }
{ level: 'verbose',
  message: 'CHECKOUT: Next State chosen as: ADD_TO_CART',
  label: 'TaskRunner-b4de3721-08a0-4d83-a24a-562eedf349c6',
  timestamp: '2018-11-15T03:11:00.998Z',
  [Symbol(level)]: 'verbose',
  [Symbol(splat)]: [ 'ADD_TO_CART' ],
  [Symbol(message)]: '{"level":"verbose","message":"CHECKOUT: Next State chosen as: ADD_TO_CART","label":"TaskRunner-b4de3721-08a0-4d83-a24a-562eedf349c6","timestamp":"2018-11-15T03:11:00.998Z"}' }
{ level: 'verbose',
  message: 'Run Loop finished, state transitioned to: CHECKOUT',
  label: 'TaskRunner-b4de3721-08a0-4d83-a24a-562eedf349c6',
  timestamp: '2018-11-15T03:11:01.012Z',
  [Symbol(level)]: 'verbose',
  [Symbol(splat)]: [ 'CHECKOUT' ],
  [Symbol(message)]: '{"level":"verbose","message":"Run Loop finished, state transitioned to: CHECKOUT","label":"TaskRunner-b4de3721-08a0-4d83-a24a-562eedf349c6","timestamp":"2018-11-15T03:11:01.012Z"}' }
{ level: 'verbose',
  message: 'Handling state: CHECKOUT',
  label: 'TaskRunner-b4de3721-08a0-4d83-a24a-562eedf349c6',
  timestamp: '2018-11-15T03:11:01.012Z',
  [Symbol(level)]: 'verbose',
  [Symbol(splat)]: [ 'CHECKOUT' ],
  [Symbol(message)]: '{"level":"verbose","message":"Handling state: CHECKOUT","label":"TaskRunner-b4de3721-08a0-4d83-a24a-562eedf349c6","timestamp":"2018-11-15T03:11:01.012Z"}' }
{ level: 'verbose',
  message: 'CHECKOUT: Handling State: ADD_TO_CART ...',
  label: 'TaskRunner-b4de3721-08a0-4d83-a24a-562eedf349c6',
  timestamp: '2018-11-15T03:11:01.013Z',
  [Symbol(level)]: 'verbose',
  [Symbol(splat)]: [ 'ADD_TO_CART' ],
  [Symbol(message)]: '{"level":"verbose","message":"CHECKOUT: Handling State: ADD_TO_CART ...","label":"TaskRunner-b4de3721-08a0-4d83-a24a-562eedf349c6","timestamp":"2018-11-15T03:11:01.013Z"}' }
{ message: 'CHECKOUT: Adding to Cart...',
  level: 'verbose',
  label: 'TaskRunner-b4de3721-08a0-4d83-a24a-562eedf349c6',
  timestamp: '2018-11-15T03:11:01.013Z',
  [Symbol(level)]: 'verbose',
  [Symbol(message)]: '{"message":"CHECKOUT: Adding to Cart...","level":"verbose","label":"TaskRunner-b4de3721-08a0-4d83-a24a-562eedf349c6","timestamp":"2018-11-15T03:11:01.013Z"}' }
{ message: 'Starting add to cart...',
  level: 'verbose',
  label: 'TaskRunner-b4de3721-08a0-4d83-a24a-562eedf349c6',
  timestamp: '2018-11-15T03:11:01.014Z',
  [Symbol(level)]: 'verbose',
  [Symbol(message)]: '{"message":"Starting add to cart...","level":"verbose","label":"TaskRunner-b4de3721-08a0-4d83-a24a-562eedf349c6","timestamp":"2018-11-15T03:11:01.014Z"}' }
{ level: 'info',
  message: 'Added to cart in 279.52 ms',
  label: 'TaskRunner-b4de3721-08a0-4d83-a24a-562eedf349c6',
  timestamp: '2018-11-15T03:11:01.294Z',
  [Symbol(level)]: 'info',
  [Symbol(splat)]: [ '279.520' ],
  [Symbol(message)]: '{"level":"info","message":"Added to cart in 279.52 ms","label":"TaskRunner-b4de3721-08a0-4d83-a24a-562eedf349c6","timestamp":"2018-11-15T03:11:01.294Z"}' }
{ level: 'verbose',
  message: 'CHECKOUT: Next State chosen as: GENERATE_PAYMENT_TOKEN',
  label: 'TaskRunner-b4de3721-08a0-4d83-a24a-562eedf349c6',
  timestamp: '2018-11-15T03:11:01.295Z',
  [Symbol(level)]: 'verbose',
  [Symbol(splat)]: [ 'GENERATE_PAYMENT_TOKEN' ],
  [Symbol(message)]: '{"level":"verbose","message":"CHECKOUT: Next State chosen as: GENERATE_PAYMENT_TOKEN","label":"TaskRunner-b4de3721-08a0-4d83-a24a-562eedf349c6","timestamp":"2018-11-15T03:11:01.295Z"}' }
{ level: 'verbose',
  message: 'Run Loop finished, state transitioned to: CHECKOUT',
  label: 'TaskRunner-b4de3721-08a0-4d83-a24a-562eedf349c6',
  timestamp: '2018-11-15T03:11:01.295Z',
  [Symbol(level)]: 'verbose',
  [Symbol(splat)]: [ 'CHECKOUT' ],
  [Symbol(message)]: '{"level":"verbose","message":"Run Loop finished, state transitioned to: CHECKOUT","label":"TaskRunner-b4de3721-08a0-4d83-a24a-562eedf349c6","timestamp":"2018-11-15T03:11:01.295Z"}' }
{ level: 'verbose',
  message: 'Handling state: CHECKOUT',
  label: 'TaskRunner-b4de3721-08a0-4d83-a24a-562eedf349c6',
  timestamp: '2018-11-15T03:11:01.295Z',
  [Symbol(level)]: 'verbose',
  [Symbol(splat)]: [ 'CHECKOUT' ],
  [Symbol(message)]: '{"level":"verbose","message":"Handling state: CHECKOUT","label":"TaskRunner-b4de3721-08a0-4d83-a24a-562eedf349c6","timestamp":"2018-11-15T03:11:01.295Z"}' }
{ level: 'verbose',
  message: 'CHECKOUT: Handling State: GENERATE_PAYMENT_TOKEN ...',
  label: 'TaskRunner-b4de3721-08a0-4d83-a24a-562eedf349c6',
  timestamp: '2018-11-15T03:11:01.295Z',
  [Symbol(level)]: 'verbose',
  [Symbol(splat)]: [ 'GENERATE_PAYMENT_TOKEN' ],
  [Symbol(message)]: '{"level":"verbose","message":"CHECKOUT: Handling State: GENERATE_PAYMENT_TOKEN ...","label":"TaskRunner-b4de3721-08a0-4d83-a24a-562eedf349c6","timestamp":"2018-11-15T03:11:01.295Z"}' }
{ message: 'CHECKOUT: Generating Payment Token...',
  level: 'verbose',
  label: 'TaskRunner-b4de3721-08a0-4d83-a24a-562eedf349c6',
  timestamp: '2018-11-15T03:11:01.296Z',
  [Symbol(level)]: 'verbose',
  [Symbol(message)]: '{"message":"CHECKOUT: Generating Payment Token...","level":"verbose","label":"TaskRunner-b4de3721-08a0-4d83-a24a-562eedf349c6","timestamp":"2018-11-15T03:11:01.296Z"}' }
{ message: 'Getting Payment Token...',
  level: 'verbose',
  label: 'TaskRunner-b4de3721-08a0-4d83-a24a-562eedf349c6',
  timestamp: '2018-11-15T03:11:01.296Z',
  [Symbol(level)]: 'verbose',
  [Symbol(message)]: '{"message":"Getting Payment Token...","level":"verbose","label":"TaskRunner-b4de3721-08a0-4d83-a24a-562eedf349c6","timestamp":"2018-11-15T03:11:01.296Z"}' }
{ level: 'info',
  message: 'Got payment token in 278.674 ms',
  label: 'TaskRunner-b4de3721-08a0-4d83-a24a-562eedf349c6',
  timestamp: '2018-11-15T03:11:01.575Z',
  [Symbol(level)]: 'info',
  [Symbol(splat)]: [ '278.674' ],
  [Symbol(message)]: '{"level":"info","message":"Got payment token in 278.674 ms","label":"TaskRunner-b4de3721-08a0-4d83-a24a-562eedf349c6","timestamp":"2018-11-15T03:11:01.575Z"}' }
{ level: 'verbose',
  message: 'CHECKOUT: Next State chosen as: PROCEED_TO_CHECKOUT',
  label: 'TaskRunner-b4de3721-08a0-4d83-a24a-562eedf349c6',
  timestamp: '2018-11-15T03:11:01.575Z',
  [Symbol(level)]: 'verbose',
  [Symbol(splat)]: [ 'PROCEED_TO_CHECKOUT' ],
  [Symbol(message)]: '{"level":"verbose","message":"CHECKOUT: Next State chosen as: PROCEED_TO_CHECKOUT","label":"TaskRunner-b4de3721-08a0-4d83-a24a-562eedf349c6","timestamp":"2018-11-15T03:11:01.575Z"}' }
{ level: 'verbose',
  message: 'Run Loop finished, state transitioned to: CHECKOUT',
  label: 'TaskRunner-b4de3721-08a0-4d83-a24a-562eedf349c6',
  timestamp: '2018-11-15T03:11:01.576Z',
  [Symbol(level)]: 'verbose',
  [Symbol(splat)]: [ 'CHECKOUT' ],
  [Symbol(message)]: '{"level":"verbose","message":"Run Loop finished, state transitioned to: CHECKOUT","label":"TaskRunner-b4de3721-08a0-4d83-a24a-562eedf349c6","timestamp":"2018-11-15T03:11:01.576Z"}' }
{ level: 'verbose',
  message: 'Handling state: CHECKOUT',
  label: 'TaskRunner-b4de3721-08a0-4d83-a24a-562eedf349c6',
  timestamp: '2018-11-15T03:11:01.576Z',
  [Symbol(level)]: 'verbose',
  [Symbol(splat)]: [ 'CHECKOUT' ],
  [Symbol(message)]: '{"level":"verbose","message":"Handling state: CHECKOUT","label":"TaskRunner-b4de3721-08a0-4d83-a24a-562eedf349c6","timestamp":"2018-11-15T03:11:01.576Z"}' }
{ level: 'verbose',
  message: 'CHECKOUT: Handling State: PROCEED_TO_CHECKOUT ...',
  label: 'TaskRunner-b4de3721-08a0-4d83-a24a-562eedf349c6',
  timestamp: '2018-11-15T03:11:01.576Z',
  [Symbol(level)]: 'verbose',
  [Symbol(splat)]: [ 'PROCEED_TO_CHECKOUT' ],
  [Symbol(message)]: '{"level":"verbose","message":"CHECKOUT: Handling State: PROCEED_TO_CHECKOUT ...","label":"TaskRunner-b4de3721-08a0-4d83-a24a-562eedf349c6","timestamp":"2018-11-15T03:11:01.576Z"}' }
{ message: 'CHECKOUT: Proceeding to Checkout...',
  level: 'verbose',
  label: 'TaskRunner-b4de3721-08a0-4d83-a24a-562eedf349c6',
  timestamp: '2018-11-15T03:11:01.577Z',
  [Symbol(level)]: 'verbose',
  [Symbol(message)]: '{"message":"CHECKOUT: Proceeding to Checkout...","level":"verbose","label":"TaskRunner-b4de3721-08a0-4d83-a24a-562eedf349c6","timestamp":"2018-11-15T03:11:01.577Z"}' }
{ message: 'Starting proceed to checkout request...',
  level: 'verbose',
  label: 'TaskRunner-b4de3721-08a0-4d83-a24a-562eedf349c6',
  timestamp: '2018-11-15T03:11:01.577Z',
  [Symbol(level)]: 'verbose',
  [Symbol(message)]: '{"message":"Starting proceed to checkout request...","level":"verbose","label":"TaskRunner-b4de3721-08a0-4d83-a24a-562eedf349c6","timestamp":"2018-11-15T03:11:01.577Z"}' }
{ level: 'info',
  message: 'Got to checkout in 1996.506 ms',
  label: 'TaskRunner-b4de3721-08a0-4d83-a24a-562eedf349c6',
  timestamp: '2018-11-15T03:11:03.574Z',
  [Symbol(level)]: 'info',
  [Symbol(splat)]: [ '1996.506' ],
  [Symbol(message)]: '{"level":"info","message":"Got to checkout in 1996.506 ms","label":"TaskRunner-b4de3721-08a0-4d83-a24a-562eedf349c6","timestamp":"2018-11-15T03:11:03.574Z"}' }
{ level: 'verbose',
  message: 'CHECKOUT: Next State chosen as: GET_SHIPPING',
  label: 'TaskRunner-b4de3721-08a0-4d83-a24a-562eedf349c6',
  timestamp: '2018-11-15T03:11:03.638Z',
  [Symbol(level)]: 'verbose',
  [Symbol(splat)]: [ 'GET_SHIPPING' ],
  [Symbol(message)]: '{"level":"verbose","message":"CHECKOUT: Next State chosen as: GET_SHIPPING","label":"TaskRunner-b4de3721-08a0-4d83-a24a-562eedf349c6","timestamp":"2018-11-15T03:11:03.638Z"}' }
{ level: 'verbose',
  message: 'Run Loop finished, state transitioned to: CHECKOUT',
  label: 'TaskRunner-b4de3721-08a0-4d83-a24a-562eedf349c6',
  timestamp: '2018-11-15T03:11:03.638Z',
  [Symbol(level)]: 'verbose',
  [Symbol(splat)]: [ 'CHECKOUT' ],
  [Symbol(message)]: '{"level":"verbose","message":"Run Loop finished, state transitioned to: CHECKOUT","label":"TaskRunner-b4de3721-08a0-4d83-a24a-562eedf349c6","timestamp":"2018-11-15T03:11:03.638Z"}' }
{ level: 'verbose',
  message: 'Handling state: CHECKOUT',
  label: 'TaskRunner-b4de3721-08a0-4d83-a24a-562eedf349c6',
  timestamp: '2018-11-15T03:11:03.639Z',
  [Symbol(level)]: 'verbose',
  [Symbol(splat)]: [ 'CHECKOUT' ],
  [Symbol(message)]: '{"level":"verbose","message":"Handling state: CHECKOUT","label":"TaskRunner-b4de3721-08a0-4d83-a24a-562eedf349c6","timestamp":"2018-11-15T03:11:03.639Z"}' }
{ level: 'verbose',
  message: 'CHECKOUT: Handling State: GET_SHIPPING ...',
  label: 'TaskRunner-b4de3721-08a0-4d83-a24a-562eedf349c6',
  timestamp: '2018-11-15T03:11:03.639Z',
  [Symbol(level)]: 'verbose',
  [Symbol(splat)]: [ 'GET_SHIPPING' ],
  [Symbol(message)]: '{"level":"verbose","message":"CHECKOUT: Handling State: GET_SHIPPING ...","label":"TaskRunner-b4de3721-08a0-4d83-a24a-562eedf349c6","timestamp":"2018-11-15T03:11:03.639Z"}' }
{ message: 'CHECKOUT: Starting Shipping...',
  level: 'verbose',
  label: 'TaskRunner-b4de3721-08a0-4d83-a24a-562eedf349c6',
  timestamp: '2018-11-15T03:11:03.639Z',
  [Symbol(level)]: 'verbose',
  [Symbol(message)]: '{"message":"CHECKOUT: Starting Shipping...","level":"verbose","label":"TaskRunner-b4de3721-08a0-4d83-a24a-562eedf349c6","timestamp":"2018-11-15T03:11:03.639Z"}' }
{ message: 'SHIPPING: Starting Get Shipping Options Form request...',
  level: 'verbose',
  label: 'TaskRunner-b4de3721-08a0-4d83-a24a-562eedf349c6',
  timestamp: '2018-11-15T03:11:03.640Z',
  [Symbol(level)]: 'verbose',
  [Symbol(message)]: '{"message":"SHIPPING: Starting Get Shipping Options Form request...","level":"verbose","label":"TaskRunner-b4de3721-08a0-4d83-a24a-562eedf349c6","timestamp":"2018-11-15T03:11:03.640Z"}' }
{ message: 'SHIPPING: Finished Getting Shipping Options Form',
  level: 'verbose',
  label: 'TaskRunner-b4de3721-08a0-4d83-a24a-562eedf349c6',
  timestamp: '2018-11-15T03:11:04.534Z',
  [Symbol(level)]: 'verbose',
  [Symbol(message)]: '{"message":"SHIPPING: Finished Getting Shipping Options Form","level":"verbose","label":"TaskRunner-b4de3721-08a0-4d83-a24a-562eedf349c6","timestamp":"2018-11-15T03:11:04.534Z"}' }
{ message: 'Captcha Bypassed, Proceeding with Shipping...',
  level: 'verbose',
  label: 'TaskRunner-b4de3721-08a0-4d83-a24a-562eedf349c6',
  timestamp: '2018-11-15T03:11:04.534Z',
  [Symbol(level)]: 'verbose',
  [Symbol(message)]: '{"message":"Captcha Bypassed, Proceeding with Shipping...","level":"verbose","label":"TaskRunner-b4de3721-08a0-4d83-a24a-562eedf349c6","timestamp":"2018-11-15T03:11:04.534Z"}' }
{ message: 'SHIPPING: Starting submit shipping options request...',
  level: 'verbose',
  label: 'TaskRunner-b4de3721-08a0-4d83-a24a-562eedf349c6',
  timestamp: '2018-11-15T03:11:04.534Z',
  [Symbol(level)]: 'verbose',
  [Symbol(message)]: '{"message":"SHIPPING: Starting submit shipping options request...","level":"verbose","label":"TaskRunner-b4de3721-08a0-4d83-a24a-562eedf349c6","timestamp":"2018-11-15T03:11:04.534Z"}' }
{ level: 'info',
  message: 'Submitted shipping options in 2011.64 ms',
  label: 'TaskRunner-b4de3721-08a0-4d83-a24a-562eedf349c6',
  timestamp: '2018-11-15T03:11:05.651Z',
  [Symbol(level)]: 'info',
  [Symbol(splat)]: [ '2011.640' ],
  [Symbol(message)]: '{"level":"info","message":"Submitted shipping options in 2011.64 ms","label":"TaskRunner-b4de3721-08a0-4d83-a24a-562eedf349c6","timestamp":"2018-11-15T03:11:05.651Z"}' }
{ level: 'info',
  message: 'https://kith.com is incompatible, sorry for the inconvenience',
  label: 'TaskRunner-b4de3721-08a0-4d83-a24a-562eedf349c6',
  timestamp: '2018-11-15T03:11:05.653Z',
  [Symbol(level)]: 'info',
  [Symbol(splat)]: [ 'https://kith.com' ],
  [Symbol(message)]: '{"level":"info","message":"https://kith.com is incompatible, sorry for the inconvenience","label":"TaskRunner-b4de3721-08a0-4d83-a24a-562eedf349c6","timestamp":"2018-11-15T03:11:05.653Z"}' }
{ errors: 'Site is incompatible.',
  level: 'verbose',
  message: 'CHECKOUT: Next State chosen as: [object Object]',
  label: 'TaskRunner-b4de3721-08a0-4d83-a24a-562eedf349c6',
  timestamp: '2018-11-15T03:11:05.654Z',
  [Symbol(level)]: 'verbose',
  [Symbol(splat)]: [ { errors: 'Site is incompatible.' } ],
  [Symbol(message)]: '{"errors":"Site is incompatible.","level":"verbose","message":"CHECKOUT: Next State chosen as: [object Object]","label":"TaskRunner-b4de3721-08a0-4d83-a24a-562eedf349c6","timestamp":"2018-11-15T03:11:05.654Z"}' }
{ level: 'verbose',
  message: 'CHECKOUT: Completed with errors: "Site is incompatible."',
  label: 'TaskRunner-b4de3721-08a0-4d83-a24a-562eedf349c6',
  timestamp: '2018-11-15T03:11:05.654Z',
  [Symbol(level)]: 'verbose',
  [Symbol(splat)]: [ 'Site is incompatible.' ],
  [Symbol(message)]: '{"level":"verbose","message":"CHECKOUT: Completed with errors: \\"Site is incompatible.\\"","label":"TaskRunner-b4de3721-08a0-4d83-a24a-562eedf349c6","timestamp":"2018-11-15T03:11:05.654Z"}' }
{ level: 'verbose',
  message: 'Checkout Handler completed with errors: "Site is incompatible."',
  label: 'TaskRunner-b4de3721-08a0-4d83-a24a-562eedf349c6',
  timestamp: '2018-11-15T03:11:05.655Z',
  [Symbol(level)]: 'verbose',
  [Symbol(splat)]: [ 'Site is incompatible.' ],
  [Symbol(message)]: '{"level":"verbose","message":"Checkout Handler completed with errors: \\"Site is incompatible.\\"","label":"TaskRunner-b4de3721-08a0-4d83-a24a-562eedf349c6","timestamp":"2018-11-15T03:11:05.655Z"}' }
{ level: 'verbose',
  message: 'Event TASK_STATUS emitted: {"message":"Errors during Checkout! Retrying Monitor...","errors":"Site is incompatible."}',
  label: 'TaskRunner-b4de3721-08a0-4d83-a24a-562eedf349c6',
  timestamp: '2018-11-15T03:11:05.655Z',
  [Symbol(level)]: 'verbose',
  [Symbol(splat)]: 
   [ 'TASK_STATUS',
     { message: 'Errors during Checkout! Retrying Monitor...',
       errors: 'Site is incompatible.' } ],
  [Symbol(message)]: '{"level":"verbose","message":"Event TASK_STATUS emitted: {\\"message\\":\\"Errors during Checkout! Retrying Monitor...\\",\\"errors\\":\\"Site is incompatible.\\"}","label":"TaskRunner-b4de3721-08a0-4d83-a24a-562eedf349c6","timestamp":"2018-11-15T03:11:05.655Z"}' }
{ message: 'Waiting for error delay...',
  level: 'debug',
  label: 'TaskRunner-b4de3721-08a0-4d83-a24a-562eedf349c6',
  timestamp: '2018-11-15T03:11:05.656Z',
  [Symbol(level)]: 'debug',
  [Symbol(message)]: '{"message":"Waiting for error delay...","level":"debug","label":"TaskRunner-b4de3721-08a0-4d83-a24a-562eedf349c6","timestamp":"2018-11-15T03:11:05.656Z"}' }
{ level: 'verbose',
  message: 'Run Loop finished, state transitioned to: CHECKOUT',
  label: 'TaskRunner-b4de3721-08a0-4d83-a24a-562eedf349c6',
  timestamp: '2018-11-15T03:11:07.161Z',
  [Symbol(level)]: 'verbose',
  [Symbol(splat)]: [ 'CHECKOUT' ],
  [Symbol(message)]: '{"level":"verbose","message":"Run Loop finished, state transitioned to: CHECKOUT","label":"TaskRunner-b4de3721-08a0-4d83-a24a-562eedf349c6","timestamp":"2018-11-15T03:11:07.161Z"}' }
{ level: 'verbose',
  message: 'Handling state: CHECKOUT',
  label: 'TaskRunner-b4de3721-08a0-4d83-a24a-562eedf349c6',
  timestamp: '2018-11-15T03:11:07.161Z',
  [Symbol(level)]: 'verbose',
  [Symbol(splat)]: [ 'CHECKOUT' ],
  [Symbol(message)]: '{"level":"verbose","message":"Handling state: CHECKOUT","label":"TaskRunner-b4de3721-08a0-4d83-a24a-562eedf349c6","timestamp":"2018-11-15T03:11:07.161Z"}' }
{ level: 'verbose',
  message: 'CHECKOUT: Handling State: GET_SHIPPING ...',
  label: 'TaskRunner-b4de3721-08a0-4d83-a24a-562eedf349c6',
  timestamp: '2018-11-15T03:11:07.162Z',
  [Symbol(level)]: 'verbose',
  [Symbol(splat)]: [ 'GET_SHIPPING' ],
  [Symbol(message)]: '{"level":"verbose","message":"CHECKOUT: Handling State: GET_SHIPPING ...","label":"TaskRunner-b4de3721-08a0-4d83-a24a-562eedf349c6","timestamp":"2018-11-15T03:11:07.162Z"}' }
{ message: 'CHECKOUT: Starting Shipping...',
  level: 'verbose',
  label: 'TaskRunner-b4de3721-08a0-4d83-a24a-562eedf349c6',
  timestamp: '2018-11-15T03:11:07.162Z',
  [Symbol(level)]: 'verbose',
  [Symbol(message)]: '{"message":"CHECKOUT: Starting Shipping...","level":"verbose","label":"TaskRunner-b4de3721-08a0-4d83-a24a-562eedf349c6","timestamp":"2018-11-15T03:11:07.162Z"}' }
{ message: 'SHIPPING: Starting Get Shipping Options Form request...',
  level: 'verbose',
  label: 'TaskRunner-b4de3721-08a0-4d83-a24a-562eedf349c6',
  timestamp: '2018-11-15T03:11:07.162Z',
  [Symbol(level)]: 'verbose',
  [Symbol(message)]: '{"message":"SHIPPING: Starting Get Shipping Options Form request...","level":"verbose","label":"TaskRunner-b4de3721-08a0-4d83-a24a-562eedf349c6","timestamp":"2018-11-15T03:11:07.162Z"}' }
{ message: 'SHIPPING: Finished Getting Shipping Options Form',
  level: 'verbose',
  label: 'TaskRunner-b4de3721-08a0-4d83-a24a-562eedf349c6',
  timestamp: '2018-11-15T03:11:08.759Z',
  [Symbol(level)]: 'verbose',
  [Symbol(message)]: '{"message":"SHIPPING: Finished Getting Shipping Options Form","level":"verbose","label":"TaskRunner-b4de3721-08a0-4d83-a24a-562eedf349c6","timestamp":"2018-11-15T03:11:08.759Z"}' }
{ message: 'Captcha Bypassed, Proceeding with Shipping...',
  level: 'verbose',
  label: 'TaskRunner-b4de3721-08a0-4d83-a24a-562eedf349c6',
  timestamp: '2018-11-15T03:11:08.760Z',
  [Symbol(level)]: 'verbose',
  [Symbol(message)]: '{"message":"Captcha Bypassed, Proceeding with Shipping...","level":"verbose","label":"TaskRunner-b4de3721-08a0-4d83-a24a-562eedf349c6","timestamp":"2018-11-15T03:11:08.760Z"}' }
{ message: 'SHIPPING: Starting submit shipping options request...',
  level: 'verbose',
  label: 'TaskRunner-b4de3721-08a0-4d83-a24a-562eedf349c6',
  timestamp: '2018-11-15T03:11:08.760Z',
  [Symbol(level)]: 'verbose',
  [Symbol(message)]: '{"message":"SHIPPING: Starting submit shipping options request...","level":"verbose","label":"TaskRunner-b4de3721-08a0-4d83-a24a-562eedf349c6","timestamp":"2018-11-15T03:11:08.760Z"}' }
{ level: 'info',
  message: 'Submitted shipping options in 4124.187 ms',
  label: 'TaskRunner-b4de3721-08a0-4d83-a24a-562eedf349c6',
  timestamp: '2018-11-15T03:11:11.287Z',
  [Symbol(level)]: 'info',
  [Symbol(splat)]: [ '4124.187' ],
  [Symbol(message)]: '{"level":"info","message":"Submitted shipping options in 4124.187 ms","label":"TaskRunner-b4de3721-08a0-4d83-a24a-562eedf349c6","timestamp":"2018-11-15T03:11:11.287Z"}' }
{ level: 'info',
  message: 'https://kith.com is incompatible, sorry for the inconvenience',
  label: 'TaskRunner-b4de3721-08a0-4d83-a24a-562eedf349c6',
  timestamp: '2018-11-15T03:11:11.288Z',
  [Symbol(level)]: 'info',
  [Symbol(splat)]: [ 'https://kith.com' ],
  [Symbol(message)]: '{"level":"info","message":"https://kith.com is incompatible, sorry for the inconvenience","label":"TaskRunner-b4de3721-08a0-4d83-a24a-562eedf349c6","timestamp":"2018-11-15T03:11:11.288Z"}' }
{ errors: 'Site is incompatible.',
  level: 'verbose',
  message: 'CHECKOUT: Next State chosen as: [object Object]',
  label: 'TaskRunner-b4de3721-08a0-4d83-a24a-562eedf349c6',
  timestamp: '2018-11-15T03:11:11.288Z',
  [Symbol(level)]: 'verbose',
  [Symbol(splat)]: [ { errors: 'Site is incompatible.' } ],
  [Symbol(message)]: '{"errors":"Site is incompatible.","level":"verbose","message":"CHECKOUT: Next State chosen as: [object Object]","label":"TaskRunner-b4de3721-08a0-4d83-a24a-562eedf349c6","timestamp":"2018-11-15T03:11:11.288Z"}' }
{ level: 'verbose',
  message: 'CHECKOUT: Completed with errors: "Site is incompatible."',
  label: 'TaskRunner-b4de3721-08a0-4d83-a24a-562eedf349c6',
  timestamp: '2018-11-15T03:11:11.288Z',
  [Symbol(level)]: 'verbose',
  [Symbol(splat)]: [ 'Site is incompatible.' ],
  [Symbol(message)]: '{"level":"verbose","message":"CHECKOUT: Completed with errors: \\"Site is incompatible.\\"","label":"TaskRunner-b4de3721-08a0-4d83-a24a-562eedf349c6","timestamp":"2018-11-15T03:11:11.288Z"}' }
{ level: 'verbose',
  message: 'Checkout Handler completed with errors: "Site is incompatible."',
  label: 'TaskRunner-b4de3721-08a0-4d83-a24a-562eedf349c6',
  timestamp: '2018-11-15T03:11:11.289Z',
  [Symbol(level)]: 'verbose',
  [Symbol(splat)]: [ 'Site is incompatible.' ],
  [Symbol(message)]: '{"level":"verbose","message":"Checkout Handler completed with errors: \\"Site is incompatible.\\"","label":"TaskRunner-b4de3721-08a0-4d83-a24a-562eedf349c6","timestamp":"2018-11-15T03:11:11.289Z"}' }
{ level: 'verbose',
  message: 'Event TASK_STATUS emitted: {"message":"Errors during Checkout! Retrying Monitor...","errors":"Site is incompatible."}',
  label: 'TaskRunner-b4de3721-08a0-4d83-a24a-562eedf349c6',
  timestamp: '2018-11-15T03:11:11.289Z',
  [Symbol(level)]: 'verbose',
  [Symbol(splat)]: 
   [ 'TASK_STATUS',
     { message: 'Errors during Checkout! Retrying Monitor...',
       errors: 'Site is incompatible.' } ],
  [Symbol(message)]: '{"level":"verbose","message":"Event TASK_STATUS emitted: {\\"message\\":\\"Errors during Checkout! Retrying Monitor...\\",\\"errors\\":\\"Site is incompatible.\\"}","label":"TaskRunner-b4de3721-08a0-4d83-a24a-562eedf349c6","timestamp":"2018-11-15T03:11:11.289Z"}' }
{ message: 'Waiting for error delay...',
  level: 'debug',
  label: 'TaskRunner-b4de3721-08a0-4d83-a24a-562eedf349c6',
  timestamp: '2018-11-15T03:11:11.290Z',
  [Symbol(level)]: 'debug',
  [Symbol(message)]: '{"message":"Waiting for error delay...","level":"debug","label":"TaskRunner-b4de3721-08a0-4d83-a24a-562eedf349c6","timestamp":"2018-11-15T03:11:11.290Z"}' }
{ level: 'verbose',
  message: 'Run Loop finished, state transitioned to: CHECKOUT',
  label: 'TaskRunner-b4de3721-08a0-4d83-a24a-562eedf349c6',
  timestamp: '2018-11-15T03:11:12.791Z',
  [Symbol(level)]: 'verbose',
  [Symbol(splat)]: [ 'CHECKOUT' ],
  [Symbol(message)]: '{"level":"verbose","message":"Run Loop finished, state transitioned to: CHECKOUT","label":"TaskRunner-b4de3721-08a0-4d83-a24a-562eedf349c6","timestamp":"2018-11-15T03:11:12.791Z"}' }
{ level: 'verbose',
  message: 'Handling state: CHECKOUT',
  label: 'TaskRunner-b4de3721-08a0-4d83-a24a-562eedf349c6',
  timestamp: '2018-11-15T03:11:12.792Z',
  [Symbol(level)]: 'verbose',
  [Symbol(splat)]: [ 'CHECKOUT' ],
  [Symbol(message)]: '{"level":"verbose","message":"Handling state: CHECKOUT","label":"TaskRunner-b4de3721-08a0-4d83-a24a-562eedf349c6","timestamp":"2018-11-15T03:11:12.792Z"}' }
{ level: 'verbose',
  message: 'CHECKOUT: Handling State: GET_SHIPPING ...',
  label: 'TaskRunner-b4de3721-08a0-4d83-a24a-562eedf349c6',
  timestamp: '2018-11-15T03:11:12.793Z',
  [Symbol(level)]: 'verbose',
  [Symbol(splat)]: [ 'GET_SHIPPING' ],
  [Symbol(message)]: '{"level":"verbose","message":"CHECKOUT: Handling State: GET_SHIPPING ...","label":"TaskRunner-b4de3721-08a0-4d83-a24a-562eedf349c6","timestamp":"2018-11-15T03:11:12.793Z"}' }
{ message: 'CHECKOUT: Starting Shipping...',
  level: 'verbose',
  label: 'TaskRunner-b4de3721-08a0-4d83-a24a-562eedf349c6',
  timestamp: '2018-11-15T03:11:12.793Z',
  [Symbol(level)]: 'verbose',
  [Symbol(message)]: '{"message":"CHECKOUT: Starting Shipping...","level":"verbose","label":"TaskRunner-b4de3721-08a0-4d83-a24a-562eedf349c6","timestamp":"2018-11-15T03:11:12.793Z"}' }
{ message: 'SHIPPING: Starting Get Shipping Options Form request...',
  level: 'verbose',
  label: 'TaskRunner-b4de3721-08a0-4d83-a24a-562eedf349c6',
  timestamp: '2018-11-15T03:11:12.794Z',
  [Symbol(level)]: 'verbose',
  [Symbol(message)]: '{"message":"SHIPPING: Starting Get Shipping Options Form request...","level":"verbose","label":"TaskRunner-b4de3721-08a0-4d83-a24a-562eedf349c6","timestamp":"2018-11-15T03:11:12.794Z"}' }
{ message: 'SHIPPING: Finished Getting Shipping Options Form',
  level: 'verbose',
  label: 'TaskRunner-b4de3721-08a0-4d83-a24a-562eedf349c6',
  timestamp: '2018-11-15T03:11:14.264Z',
  [Symbol(level)]: 'verbose',
  [Symbol(message)]: '{"message":"SHIPPING: Finished Getting Shipping Options Form","level":"verbose","label":"TaskRunner-b4de3721-08a0-4d83-a24a-562eedf349c6","timestamp":"2018-11-15T03:11:14.264Z"}' }
{ message: 'Captcha Bypassed, Proceeding with Shipping...',
  level: 'verbose',
  label: 'TaskRunner-b4de3721-08a0-4d83-a24a-562eedf349c6',
  timestamp: '2018-11-15T03:11:14.265Z',
  [Symbol(level)]: 'verbose',
  [Symbol(message)]: '{"message":"Captcha Bypassed, Proceeding with Shipping...","level":"verbose","label":"TaskRunner-b4de3721-08a0-4d83-a24a-562eedf349c6","timestamp":"2018-11-15T03:11:14.265Z"}' }
{ message: 'SHIPPING: Starting submit shipping options request...',
  level: 'verbose',
  label: 'TaskRunner-b4de3721-08a0-4d83-a24a-562eedf349c6',
  timestamp: '2018-11-15T03:11:14.265Z',
  [Symbol(level)]: 'verbose',
  [Symbol(message)]: '{"message":"SHIPPING: Starting submit shipping options request...","level":"verbose","label":"TaskRunner-b4de3721-08a0-4d83-a24a-562eedf349c6","timestamp":"2018-11-15T03:11:14.265Z"}' }
{ level: 'info',
  message: 'Submitted shipping options in 2787.283 ms',
  label: 'TaskRunner-b4de3721-08a0-4d83-a24a-562eedf349c6',
  timestamp: '2018-11-15T03:11:15.582Z',
  [Symbol(level)]: 'info',
  [Symbol(splat)]: [ '2787.283' ],
  [Symbol(message)]: '{"level":"info","message":"Submitted shipping options in 2787.283 ms","label":"TaskRunner-b4de3721-08a0-4d83-a24a-562eedf349c6","timestamp":"2018-11-15T03:11:15.582Z"}' }
{ level: 'info',
  message: 'https://kith.com is incompatible, sorry for the inconvenience',
  label: 'TaskRunner-b4de3721-08a0-4d83-a24a-562eedf349c6',
  timestamp: '2018-11-15T03:11:15.586Z',
  [Symbol(level)]: 'info',
  [Symbol(splat)]: [ 'https://kith.com' ],
  [Symbol(message)]: '{"level":"info","message":"https://kith.com is incompatible, sorry for the inconvenience","label":"TaskRunner-b4de3721-08a0-4d83-a24a-562eedf349c6","timestamp":"2018-11-15T03:11:15.586Z"}' }
{ errors: 'Site is incompatible.',
  level: 'verbose',
  message: 'CHECKOUT: Next State chosen as: [object Object]',
  label: 'TaskRunner-b4de3721-08a0-4d83-a24a-562eedf349c6',
  timestamp: '2018-11-15T03:11:15.587Z',
  [Symbol(level)]: 'verbose',
  [Symbol(splat)]: [ { errors: 'Site is incompatible.' } ],
  [Symbol(message)]: '{"errors":"Site is incompatible.","level":"verbose","message":"CHECKOUT: Next State chosen as: [object Object]","label":"TaskRunner-b4de3721-08a0-4d83-a24a-562eedf349c6","timestamp":"2018-11-15T03:11:15.587Z"}' }
{ level: 'verbose',
  message: 'CHECKOUT: Completed with errors: "Site is incompatible."',
  label: 'TaskRunner-b4de3721-08a0-4d83-a24a-562eedf349c6',
  timestamp: '2018-11-15T03:11:15.588Z',
  [Symbol(level)]: 'verbose',
  [Symbol(splat)]: [ 'Site is incompatible.' ],
  [Symbol(message)]: '{"level":"verbose","message":"CHECKOUT: Completed with errors: \\"Site is incompatible.\\"","label":"TaskRunner-b4de3721-08a0-4d83-a24a-562eedf349c6","timestamp":"2018-11-15T03:11:15.588Z"}' }
{ level: 'verbose',
  message: 'Checkout Handler completed with errors: "Site is incompatible."',
  label: 'TaskRunner-b4de3721-08a0-4d83-a24a-562eedf349c6',
  timestamp: '2018-11-15T03:11:15.589Z',
  [Symbol(level)]: 'verbose',
  [Symbol(splat)]: [ 'Site is incompatible.' ],
  [Symbol(message)]: '{"level":"verbose","message":"Checkout Handler completed with errors: \\"Site is incompatible.\\"","label":"TaskRunner-b4de3721-08a0-4d83-a24a-562eedf349c6","timestamp":"2018-11-15T03:11:15.589Z"}' }
{ level: 'verbose',
  message: 'Event TASK_STATUS emitted: {"message":"Errors during Checkout! Retrying Monitor...","errors":"Site is incompatible."}',
  label: 'TaskRunner-b4de3721-08a0-4d83-a24a-562eedf349c6',
  timestamp: '2018-11-15T03:11:15.598Z',
  [Symbol(level)]: 'verbose',
  [Symbol(splat)]: 
   [ 'TASK_STATUS',
     { message: 'Errors during Checkout! Retrying Monitor...',
       errors: 'Site is incompatible.' } ],
  [Symbol(message)]: '{"level":"verbose","message":"Event TASK_STATUS emitted: {\\"message\\":\\"Errors during Checkout! Retrying Monitor...\\",\\"errors\\":\\"Site is incompatible.\\"}","label":"TaskRunner-b4de3721-08a0-4d83-a24a-562eedf349c6","timestamp":"2018-11-15T03:11:15.598Z"}' }
{ message: 'Waiting for error delay...',
  level: 'debug',
  label: 'TaskRunner-b4de3721-08a0-4d83-a24a-562eedf349c6',
  timestamp: '2018-11-15T03:11:15.599Z',
  [Symbol(level)]: 'debug',
  [Symbol(message)]: '{"message":"Waiting for error delay...","level":"debug","label":"TaskRunner-b4de3721-08a0-4d83-a24a-562eedf349c6","timestamp":"2018-11-15T03:11:15.599Z"}' }
{ level: 'verbose',
  message: 'Run Loop finished, state transitioned to: CHECKOUT',
  label: 'TaskRunner-b4de3721-08a0-4d83-a24a-562eedf349c6',
  timestamp: '2018-11-15T03:11:17.103Z',
  [Symbol(level)]: 'verbose',
  [Symbol(splat)]: [ 'CHECKOUT' ],
  [Symbol(message)]: '{"level":"verbose","message":"Run Loop finished, state transitioned to: CHECKOUT","label":"TaskRunner-b4de3721-08a0-4d83-a24a-562eedf349c6","timestamp":"2018-11-15T03:11:17.103Z"}' }
{ level: 'verbose',
  message: 'Handling state: ABORTED',
  label: 'TaskRunner-b4de3721-08a0-4d83-a24a-562eedf349c6',
  timestamp: '2018-11-15T03:11:17.104Z',
  [Symbol(level)]: 'verbose',
  [Symbol(splat)]: [ 'ABORTED' ],
  [Symbol(message)]: '{"level":"verbose","message":"Handling state: ABORTED","label":"TaskRunner-b4de3721-08a0-4d83-a24a-562eedf349c6","timestamp":"2018-11-15T03:11:17.104Z"}' }
{ level: 'verbose',
  message: 'Event TASK_STATUS emitted: {"message":"Task has aborted!"}',
  label: 'TaskRunner-b4de3721-08a0-4d83-a24a-562eedf349c6',
  timestamp: '2018-11-15T03:11:17.105Z',
  [Symbol(level)]: 'verbose',
  [Symbol(splat)]: [ 'TASK_STATUS', { message: 'Task has aborted!' } ],
  [Symbol(message)]: '{"level":"verbose","message":"Event TASK_STATUS emitted: {\\"message\\":\\"Task has aborted!\\"}","label":"TaskRunner-b4de3721-08a0-4d83-a24a-562eedf349c6","timestamp":"2018-11-15T03:11:17.105Z"}' }
{ level: 'verbose',
  message: 'Run Loop finished, state transitioned to: STOPPED',
  label: 'TaskRunner-b4de3721-08a0-4d83-a24a-562eedf349c6',
  timestamp: '2018-11-15T03:11:17.106Z',
  [Symbol(level)]: 'verbose',
  [Symbol(splat)]: [ 'STOPPED' ],
  [Symbol(message)]: '{"level":"verbose","message":"Run Loop finished, state transitioned to: STOPPED","label":"TaskRunner-b4de3721-08a0-4d83-a24a-562eedf349c6","timestamp":"2018-11-15T03:11:17.106Z"}' }
{ level: 'verbose',
  message: 'Event TASK_STATUS emitted: {"message":"Task has stopped."}',
  label: 'TaskRunner-b4de3721-08a0-4d83-a24a-562eedf349c6',
  timestamp: '2018-11-15T03:11:17.129Z',
  [Symbol(level)]: 'verbose',
  [Symbol(splat)]: [ 'TASK_STATUS', { message: 'Task has stopped.' } ],
  [Symbol(message)]: '{"level":"verbose","message":"Event TASK_STATUS emitted: {\\"message\\":\\"Task has stopped.\\"}","label":"TaskRunner-b4de3721-08a0-4d83-a24a-562eedf349c6","timestamp":"2018-11-15T03:11:17.129Z"}' }
